<?xml version="1.0" encoding="utf-8"?>
<TestRun id="21eca75b-0b58-4fbf-ba61-e2d380730168" name="@ElenasMBook2017 2025-07-02 14:59:16" xmlns="http://microsoft.com/schemas/VisualStudio/TeamTest/2010">
  <Times creation="2025-07-02T14:59:16.8525710+02:00" queuing="2025-07-02T14:59:16.8525710+02:00" start="2025-07-02T14:59:13.3972740+02:00" finish="2025-07-02T14:59:19.3118110+02:00" />
  <TestSettings name="default" id="62a26fbf-2c9b-40ea-b3f6-89efbb4b3f86">
    <Deployment runDeploymentRoot="_ElenasMBook2017_2025-07-02_14_59_16" />
  </TestSettings>
  <Results>
    <UnitTestResult executionId="00d4ab58-89a8-46cc-a7c6-f082d2151cfc" testId="c003d46e-af67-cc86-228c-184054a558b9" testName="Controlled_Honours_Pact_WithConsumers" computerName="ElenasMBook2017" duration="00:00:02.4227660" startTime="2025-07-02T14:59:16.7716950+02:00" endTime="2025-07-02T14:59:19.1945330+02:00" testType="13cdc9d9-ddb5-4fa4-a97d-d965ccfc6d4b" outcome="Passed" testListId="8c84fa94-04c1-424b-9868-57a2d4851a1d" relativeResultsDirectory="00d4ab58-89a8-46cc-a7c6-f082d2151cfc">
      <Output>
        <StdOut>./pacts/CliUploader-TestResultController.json
Starting verification...
Pact verification successful

Verifier Output
---------------

Verifying a pact between CliUploader and TestResultController

  a valid test result upload (0s loading, 2s 10ms verification)
    returns a response which
      has status code 200 (OK)
      has a matching body (OK)


Verifier Logs
-------------
2025-07-02T12:59:16.779066Z DEBUG ThreadId(03) verify_interaction{interaction="a valid test result upload"}: pact_verifier: Verifying interaction V4 Synchronous/HTTP a valid test result upload (None)
2025-07-02T12:59:17.144636Z DEBUG ThreadId(03) verify_interaction{interaction="a valid test result upload"}: pact_verifier: Executing provider states
2025-07-02T12:59:17.144667Z  INFO ThreadId(03) verify_interaction{interaction="a valid test result upload"}: pact_verifier: Running setup provider state change handler with empty state for 'a valid test result upload'
2025-07-02T12:59:17.818569Z DEBUG ThreadId(03) verify_interaction{interaction="a valid test result upload"}: pact_verifier::provider_client: Sending HTTP Request ( method: POST, path: /, query: None, headers: Some({"Content-Type": ["application/json"]}), body: Present(41 bytes, application/json) ) to state change handler
2025-07-02T12:59:17.818760Z DEBUG ThreadId(03) verify_interaction{interaction="a valid test result upload"}: reqwest::connect: starting new connection: https://localhost:7173/    
2025-07-02T12:59:17.819967Z DEBUG ThreadId(03) verify_interaction{interaction="a valid test result upload"}: hyper_util::client::legacy::connect::http: connecting to [::1]:7173
2025-07-02T12:59:17.820213Z DEBUG ThreadId(03) verify_interaction{interaction="a valid test result upload"}: hyper_util::client::legacy::connect::http: connected to [::1]:7173
2025-07-02T12:59:17.934372Z DEBUG ThreadId(03) verify_interaction{interaction="a valid test result upload"}: pact_verifier::provider_client: State change request: Response { url: "https://localhost:7173/provider-states", status: 200, headers: {"date": "Wed, 02 Jul 2025 12:59:17 GMT", "server": "Kestrel", "transfer-encoding": "chunked"} }
2025-07-02T12:59:17.934463Z DEBUG ThreadId(03) verify_interaction{interaction="a valid test result upload"}: pact_verifier: State Change: "ProviderState { name: "", params: {} }" -&gt; Ok({})
2025-07-02T12:59:17.934489Z  INFO ThreadId(03) verify_interaction{interaction="a valid test result upload"}: pact_verifier: Running provider verification for 'a valid test result upload'
2025-07-02T12:59:17.934506Z DEBUG ThreadId(03) verify_interaction{interaction="a valid test result upload"}: pact_verifier: Verifying a HTTP interaction
2025-07-02T12:59:17.934545Z  INFO ThreadId(03) verify_interaction{interaction="a valid test result upload"}: pact_verifier::provider_client: Sending request to provider at https://localhost:7173/
2025-07-02T12:59:17.934550Z DEBUG ThreadId(03) verify_interaction{interaction="a valid test result upload"}: pact_verifier::provider_client: Provider details = ProviderInfo { name: "TestResultControllerAPI", protocol: "https", host: "localhost", port: Some(7173), path: "/", transports: [ProviderTransport { transport: "https", port: Some(7173), path: Some("/"), scheme: Some("https") }] }
2025-07-02T12:59:17.934561Z  INFO ThreadId(03) verify_interaction{interaction="a valid test result upload"}: pact_verifier::provider_client: Sending request HTTP Request ( method: POST, path: /api/TestResult/upload, query: None, headers: Some({"Content-Type": ["application/json"]}), body: Present(2881 bytes, application/json) )
2025-07-02T12:59:17.934574Z DEBUG ThreadId(03) verify_interaction{interaction="a valid test result upload"}: pact_verifier::provider_client: body:
{"commit":"abc123","format":"trx","rawTestData":"&lt;?xml version=\"1.0\" encoding=\"utf-8\"?&gt;\n&lt;TestRun id=\"7229be5f-78f6-4137-80f6-17d6d94fb6e2\" name=\"SampleTestRun 2025-05-01 19:54:26\" xmlns=\"http://microsoft.com/schemas/VisualStudio/TeamTest/2010\"&gt;\n    &lt;Times creation=\"2025-05-01T19:54:26.7289680+02:00\" queuing=\"2025-05-01T19:54:26.7289680+02:00\" start=\"2025-05-01T19:54:24.3363230+02:00\" finish=\"2025-05-01T19:54:26.7493290+02:00\" /&gt;\n    &lt;TestSettings name=\"default\" id=\"404915ab-bf7f-4c26-b273-53509f4eedcd\"&gt;\n        &lt;Deployment runDeploymentRoot=\"_SampleTestRun_2025-05-01_19_54_26\" /&gt;\n    &lt;/TestSettings&gt;\n    &lt;Results&gt;\n        &lt;UnitTestResult executionId=\"e29ea8ca-6b91-4203-b46d-6dbc08b6b255\" testId=\"d0229b0a-7d1c-f844-38c6-75a6538b6614\" testName=\"Test_That_Passes\" computerName=\"SampleComputer\" duration=\"00:00:00.0933370\" startTime=\"2025-05-01T19:54:26.4568530+02:00\" endTime=\"2025-05-01T19:54:26.5501900+02:00\" testType=\"13cdc9d9-ddb5-4fa4-a97d-d965ccfc6d4b\" outcome=\"Passed\" testListId=\"8c84fa94-04c1-424b-9868-57a2d4851a1d\" relativeResultsDirectory=\"e29ea8ca-6b91-4203-b46d-6dbc08b6b255\"&gt;\n            &lt;Output&gt;\n                &lt;StdOut&gt;Test passed successfully&lt;/StdOut&gt;\n            &lt;/Output&gt;\n        &lt;/UnitTestResult&gt;\n    &lt;/Results&gt;\n    &lt;TestDefinitions&gt;\n        &lt;UnitTest name=\"Test_That_Passes\" storage=\"/path/to/test/ExampleTests.dll\" id=\"d0229b0a-7d1c-f844-38c6-75a6538b6614\"&gt;\n            &lt;Execution id=\"e29ea8ca-6b91-4203-b46d-6dbc08b6b255\" /&gt;\n            &lt;TestMethod codeBase=\"/path/to/test/ExampleTests.dll\" adapterTypeName=\"executor://nunit3testexecutor/\" className=\"SampleNamespace.TestClass\" name=\"Test_That_Passes\" /&gt;\n        &lt;/UnitTest&gt;\n    &lt;/TestDefinitions&gt;\n    &lt;TestEntries&gt;\n        &lt;TestEntry testId=\"d0229b0a-7d1c-f844-38c6-75a6538b6614\" executionId=\"e29ea8ca-6b91-4203-b46d-6dbc08b6b255\" testListId=\"8c84fa94-04c1-424b-9868-57a2d4851a1d\" /&gt;\n    &lt;/TestEntries&gt;\n    &lt;TestLists&gt;\n        &lt;TestList name=\"Results Not in a List\" id=\"8c84fa94-04c1-424b-9868-57a2d4851a1d\" /&gt;\n    &lt;/TestLists&gt;\n    &lt;ResultSummary outcome=\"Passed\"&gt;\n        &lt;Counters total=\"1\" executed=\"1\" passed=\"1\" failed=\"0\" error=\"0\" timeout=\"0\" aborted=\"0\" inconclusive=\"0\" passedButRunAborted=\"0\" notRunnable=\"0\" notExecuted=\"0\" disconnected=\"0\" warning=\"0\" completed=\"0\" inProgress=\"0\" pending=\"0\" /&gt;\n        &lt;Output&gt;\n            &lt;StdOut&gt;NUnit Adapter 5.0.0.0: Test execution started\n                Running all tests in /path/to/test/ExampleTests.dll\n                NUnit3TestExecutor discovered 1 of 1 NUnit test cases using Current Discovery mode, Non-Explicit run\n                Test passed successfully\n\n                NUnit Adapter 5.0.0.0: Test execution complete\n            &lt;/StdOut&gt;\n        &lt;/Output&gt;\n    &lt;/ResultSummary&gt;\n&lt;/TestRun&gt;\n"}
2025-07-02T12:59:17.934662Z DEBUG ThreadId(03) verify_interaction{interaction="a valid test result upload"}: reqwest::connect: starting new connection: https://localhost:7173/    
2025-07-02T12:59:17.935187Z DEBUG ThreadId(03) verify_interaction{interaction="a valid test result upload"}: hyper_util::client::legacy::connect::http: connecting to [::1]:7173
2025-07-02T12:59:17.935576Z DEBUG ThreadId(03) verify_interaction{interaction="a valid test result upload"}: hyper_util::client::legacy::connect::http: connected to [::1]:7173
2025-07-02T12:59:18.789411Z DEBUG ThreadId(03) verify_interaction{interaction="a valid test result upload"}: pact_verifier::provider_client: Received native response: Response { url: "https://localhost:7173/api/TestResult/upload", status: 200, headers: {"content-type": "application/json; charset=utf-8", "date": "Wed, 02 Jul 2025 12:59:17 GMT", "server": "Kestrel", "transfer-encoding": "chunked"} }
2025-07-02T12:59:18.789675Z  INFO ThreadId(03) verify_interaction{interaction="a valid test result upload"}: pact_verifier::provider_client: Received response: HTTP Response ( status: 200, headers: Some({"content-type": ["application/json; charset=utf-8"], "date": ["Wed, 02 Jul 2025 12:59:17 GMT"], "server": ["Kestrel"], "transfer-encoding": ["chunked"]}), body: Present(20 bytes, application/json;charset=utf-8) )
2025-07-02T12:59:18.789694Z DEBUG ThreadId(03) verify_interaction{interaction="a valid test result upload"}: pact_verifier::provider_client: body:
{"status":"success"}
2025-07-02T12:59:18.789711Z DEBUG ThreadId(03) verify_interaction{interaction="a valid test result upload"}: pact_matching: comparing to expected response: HTTP Response ( status: 200, headers: None, body: Missing )
2025-07-02T12:59:18.789726Z DEBUG ThreadId(03) verify_interaction{interaction="a valid test result upload"}: pact_matching: expected content type = '*/*', actual content type = 'application/json;charset=utf-8'
2025-07-02T12:59:18.789797Z DEBUG ThreadId(03) verify_interaction{interaction="a valid test result upload"}: pact_matching: content type header matcher = 'RuleList { rules: [], rule_logic: And, cascaded: false }'
2025-07-02T12:59:18.790064Z  WARN ThreadId(03) pact_matching::metrics: 

Please note:
We are tracking events anonymously to gather important usage statistics like Pact version and operating system. To disable tracking, set the 'PACT_DO_NOT_TRACK' environment variable to 'true'.


2025-07-02T12:59:18.796557Z DEBUG ThreadId(03) pact_matching::metrics: Sending event to GA - {"aip": "true", "t": "event", "cd2": "unknown", "cd6": "pact_ffi", "tid": "UA-117778936-1", "ec": "ProviderTest", "el": "Pacts verified", "ea": "Completed", "cd3": "macos-x86_64", "cd7": "1.2.10", "aid": "pact-net", "ds": "client", "av": "5.0.1.0", "ev": "1", "v": "1", "an": "pact-net", "cid": "b61680d3c6b4e910f15bc0569e40fbd9"}
2025-07-02T12:59:19.086353Z DEBUG ThreadId(03) reqwest::connect: starting new connection: https://www.google-analytics.com/    
2025-07-02T12:59:19.097778Z DEBUG ThreadId(03) hyper_util::client::legacy::connect::http: connecting to [2a00:1450:4008:805::200e]:443
2025-07-02T12:59:19.123122Z DEBUG ThreadId(03) hyper_util::client::legacy::connect::http: connected to [2a00:1450:4008:805::200e]:443
2025-07-02T12:59:19.193895Z DEBUG ThreadId(03) hyper_util::client::legacy::pool: pooling idle connection for ("https", www.google-analytics.com)
2025-07-02T12:59:19.193970Z DEBUG ThreadId(03) pact_plugin_driver::plugin_manager: Shutting down all plugins</StdOut>
      </Output>
    </UnitTestResult>
    <UnitTestResult executionId="f25a272f-12f0-48b7-8563-70be098c9dee" testId="3d5292da-bf55-8f43-837b-7be5902dcf85" testName="SendValidTestResults_Returns200" computerName="ElenasMBook2017" duration="00:00:00.2062330" startTime="2025-07-02T14:59:15.2454530+02:00" endTime="2025-07-02T14:59:15.4515910+02:00" testType="13cdc9d9-ddb5-4fa4-a97d-d965ccfc6d4b" outcome="Passed" testListId="8c84fa94-04c1-424b-9868-57a2d4851a1d" relativeResultsDirectory="f25a272f-12f0-48b7-8563-70be098c9dee">
      <Output>
        <StdOut>Mock driver logs:

2025-07-02T12:59:15.425494Z DEBUG tokio-runtime-worker pact_mock_server::hyper_server: Creating pact request from hyper request
2025-07-02T12:59:15.425511Z DEBUG tokio-runtime-worker pact_mock_server::hyper_server: Extracting query from uri /api/TestResult/upload
2025-07-02T12:59:15.425583Z  INFO tokio-runtime-worker pact_mock_server::hyper_server: Received request POST /api/TestResult/upload
2025-07-02T12:59:15.425595Z DEBUG tokio-runtime-worker pact_mock_server::hyper_server: 
      ----------------------------------------------------------------------------------------
       method: POST
       path: /api/TestResult/upload
       query: None
       headers: Some({"host": ["127.0.0.1:53308"], "content-type": ["application/json; charset=utf-8"], "content-length": ["3675"]})
       body: Present(3675 bytes, application/json;charset=utf-8) '{"commit":"abc123","format":"trx","rawTestData":"&lt;?xml version="1.0" encoding="utf-8"?&gt;\n&lt;TestRun id="7229be5f-78f6-4137-80f6-17d6d94fb6e2" name="SampleTestRun 2025-05-01 19:54:26" xmlns="http://microsoft.com/schemas/VisualStudio/TeamTest/2010"&gt;\n    &lt;Times creation="2025-05-01T19:54:26.7289680+02:00" queuing="2025-05-01T19:54:26.7289680+02:00" start="2025-05-01T19:54:24.3363230+02:00" finish="2025-05-01T19:54:26.7493290+02:00" /&gt;\n    &lt;TestSettings name="default" id="404915ab-bf7f-4c26-b273-53509f4eedcd"&gt;\n        &lt;Deployment runDeploymentRoot="_SampleTestRun_2025-05-01_19_54_26" /&gt;\n    &lt;/TestSettings&gt;\n    &lt;Results&gt;\n        &lt;UnitTestResult executionId="e29ea8ca-6b91-4203-b46d-6dbc08b6b255" testId="d0229b0a-7d1c-f844-38c6-75a6538b6614" testName="Test_That_Passes" computerName="SampleComputer" duration="00:00:00.0933370" startTime="2025-05-01T19:54:26.4568530+02:00" endTime="2025-05-01T19:54:26.5501900+02:00" testType="13cdc9d9-ddb5-4fa4-a97d-d965ccfc6d4b" outcome="Passed" testListId="8c84fa94-04c1-424b-9868-57a2d4851a1d" relativeResultsDirectory="e29ea8ca-6b91-4203-b46d-6dbc08b6b255"&gt;\n            &lt;Output&gt;\n                &lt;StdOut&gt;Test passed successfully&lt;/StdOut&gt;\n            &lt;/Output&gt;\n        &lt;/UnitTestResult&gt;\n    &lt;/Results&gt;\n    &lt;TestDefinitions&gt;\n        &lt;UnitTest name="Test_That_Passes" storage="/path/to/test/ExampleTests.dll" id="d0229b0a-7d1c-f844-38c6-75a6538b6614"&gt;\n            &lt;Execution id="e29ea8ca-6b91-4203-b46d-6dbc08b6b255" /&gt;\n            &lt;TestMethod codeBase="/path/to/test/ExampleTests.dll" adapterTypeName="executor://nunit3testexecutor/" className="SampleNamespace.TestClass" name="Test_That_Passes" /&gt;\n        &lt;/UnitTest&gt;\n    &lt;/TestDefinitions&gt;\n    &lt;TestEntries&gt;\n        &lt;TestEntry testId="d0229b0a-7d1c-f844-38c6-75a6538b6614" executionId="e29ea8ca-6b91-4203-b46d-6dbc08b6b255" testListId="8c84fa94-04c1-424b-9868-57a2d4851a1d" /&gt;\n    &lt;/TestEntries&gt;\n    &lt;TestLists&gt;\n        &lt;TestList name="Results Not in a List" id="8c84fa94-04c1-424b-9868-57a2d4851a1d" /&gt;\n    &lt;/TestLists&gt;\n    &lt;ResultSummary outcome="Passed"&gt;\n        &lt;Counters total="1" executed="1" passed="1" failed="0" error="0" timeout="0" aborted="0" inconclusive="0" passedButRunAborted="0" notRunnable="0" notExecuted="0" disconnected="0" warning="0" completed="0" inProgress="0" pending="0" /&gt;\n        &lt;Output&gt;\n            &lt;StdOut&gt;NUnit Adapter 5.0.0.0: Test execution started\n                Running all tests in /path/to/test/ExampleTests.dll\n                NUnit3TestExecutor discovered 1 of 1 NUnit test cases using Current Discovery mode, Non-Explicit run\n                Test passed successfully\n\n                NUnit Adapter 5.0.0.0: Test execution complete\n            &lt;/StdOut&gt;\n        &lt;/Output&gt;\n    &lt;/ResultSummary&gt;\n&lt;/TestRun&gt;\n"}'
      ----------------------------------------------------------------------------------------
      
2025-07-02T12:59:15.425700Z DEBUG tokio-runtime-worker pact_matching: comparing to expected HTTP Request ( method: POST, path: /api/TestResult/upload, query: None, headers: Some({"Content-Type": ["application/json"]}), body: Present(2881 bytes, application/json) )
2025-07-02T12:59:15.425721Z DEBUG tokio-runtime-worker pact_matching:      body: '{"commit":"abc123","format":"trx","rawTestData":"&lt;?xml version=\"1.0\" encoding=\"utf-8\"?&gt;\n&lt;TestRun id=爩be5f-78f6-4137-80f6-17d6d94fb6e2\" name=\"SampleTestRun 2025-05-01 19:54:26\" xmlns=\"http://microsoft.com/schemas/VisualStudio/TeamTest/2010\"&gt;\n    &lt;Times creation=‥-05-01T19:54:26.7289680+02:00\" queuing=‥-05-01T19:54:26.7289680+02:00\" start=‥-05-01T19:54:24.3363230+02:00\" finish=‥-05-01T19:54:26.7493290+02:00\" /&gt;\n    &lt;TestSettings name=�ult\" id=䁉15ab-bf7f-4c26-b273-53509f4eedcd\"&gt;\n        &lt;Deployment runDeploymentRoot=\"_SampleTestRun_2025-05-01_19_54_26\" /&gt;\n    &lt;/TestSettings&gt;\n    &lt;Results&gt;\n        &lt;UnitTestResult executionId=a8ca-6b91-4203-b46d-6dbc08b6b255\" testId=퀢9b0a-7d1c-f844-38c6-75a6538b6614\" testName=\"Test_That_Passes\" computerName=\"SampleComputer\" duration=\"00:00:00.0933370\" startTime=‥-05-01T19:54:26.4568530+02:00\" endTime=‥-05-01T19:54:26.5501900+02:00\" testType=Ꮝc9d9-ddb5-4fa4-a97d-d965ccfc6d4b\" outcome=\"Passed\" testListId=貄fa94-04c1-424b-9868-57a2d4851a1d\" relativeResultsDirectory=a8ca-6b91-4203-b46d-6dbc08b6b255\"&gt;\n            &lt;Output&gt;\n                &lt;StdOut&gt;Test passed successfully&lt;/StdOut&gt;\n            &lt;/Output&gt;\n        &lt;/UnitTestResult&gt;\n    &lt;/Results&gt;\n    &lt;TestDefinitions&gt;\n        &lt;UnitTest name=\"Test_That_Passes\" storage=\"/path/to/test/ExampleTests.dll\" id=퀢9b0a-7d1c-f844-38c6-75a6538b6614\"&gt;\n            &lt;Execution id=a8ca-6b91-4203-b46d-6dbc08b6b255\" /&gt;\n            &lt;TestMethod codeBase=\"/path/to/test/ExampleTests.dll૚pterTypeName=\"executor://nunit3testexecutor/\" className=\"SampleNamespace.TestClass\" name=\"Test_That_Passes\" /&gt;\n        &lt;/UnitTest&gt;\n    &lt;/TestDefinitions&gt;\n    &lt;TestEntries&gt;\n        &lt;TestEntry testId=퀢9b0a-7d1c-f844-38c6-75a6538b6614\" executionId=a8ca-6b91-4203-b46d-6dbc08b6b255\" testListId=貄fa94-04c1-424b-9868-57a2d4851a1d\" /&gt;\n    &lt;/TestEntries&gt;\n    &lt;TestLists&gt;\n        &lt;TestList name=\"Results Not in a List\" id=貄fa94-04c1-424b-9868-57a2d4851a1d\" /&gt;\n    &lt;/TestLists&gt;\n    &lt;ResultSummary outcome=\"Passed\"&gt;\n        &lt;Counters total=\"1\" executed=\"1\" passed=\"1\" failed=\"0\" error=\"0\" timeout=\"0\" aborted=\"0\" inconclusive=\"0\" passedButRunAborted=\"0\" notRunnable=\"0\" notExecuted=\"0\" disconnected=\"0\" warning=\"0\" completed=\"0\" inProgress=\"0\" pending=\"0\" /&gt;\n        &lt;Output&gt;\n            &lt;StdOut&gt;NUnit Adapter 5.0.0.0: Test execution started\n                Running all tests in /path/to/test/ExampleTests.dll\n                NUnit3TestExecutor discovered 1 of 1 NUnit test cases using Current Discovery mode, Non-Explicit run\n                Test passed successfully\n\n                NUnit Adapter 5.0.0.0: Test execution complete\n            &lt;/StdOut&gt;\n        &lt;/Output&gt;\n    &lt;/ResultSummary&gt;\n&lt;/TestRun&gt;\n"}'
2025-07-02T12:59:15.425744Z DEBUG tokio-runtime-worker pact_matching:      matching_rules: MatchingRules { rules: {BODY: MatchingRuleCategory { name: BODY, rules: {} }, PATH: MatchingRuleCategory { name: PATH, rules: {} }} }
2025-07-02T12:59:15.425763Z DEBUG tokio-runtime-worker pact_matching:      generators: Generators { categories: {} }
2025-07-02T12:59:15.425844Z DEBUG tokio-runtime-worker pact_matching::matchers: String -&gt; String: comparing '/api/TestResult/upload' to '/api/TestResult/upload' ==&gt; true cascaded=false matcher=Equality
2025-07-02T12:59:15.425854Z DEBUG tokio-runtime-worker pact_matching: expected content type = 'application/json', actual content type = 'application/json;charset=utf-8'
2025-07-02T12:59:15.425979Z DEBUG tokio-runtime-worker pact_matching: content type header matcher = 'RuleList { rules: [], rule_logic: And, cascaded: false }'
2025-07-02T12:59:15.426003Z DEBUG tokio-runtime-worker pact_plugin_driver::catalogue_manager: Looking for a content matcher for application/json
2025-07-02T12:59:15.427275Z DEBUG tokio-runtime-worker pact_matching: No content matcher defined for content type 'application/json', using core matcher implementation
2025-07-02T12:59:15.427298Z DEBUG tokio-runtime-worker pact_matching: Using body matcher for content type 'application/json'
2025-07-02T12:59:15.427368Z DEBUG tokio-runtime-worker pact_matching::json: compare: Comparing path $
2025-07-02T12:59:15.427381Z DEBUG tokio-runtime-worker pact_matching::json: compare_maps: Comparing maps at $: {"commit": String("abc123"), "format": String("trx"), "rawTestData": String("&lt;?xml version=\"1.0\" encoding=\"utf-8\"?&gt;\n&lt;TestRun id=爩be5f-78f6-4137-80f6-17d6d94fb6e2\" name=\"SampleTestRun 2025-05-01 19:54:26\" xmlns=\"http://microsoft.com/schemas/VisualStudio/TeamTest/2010\"&gt;\n    &lt;Times creation=‥-05-01T19:54:26.7289680+02:00\" queuing=‥-05-01T19:54:26.7289680+02:00\" start=‥-05-01T19:54:24.3363230+02:00\" finish=‥-05-01T19:54:26.7493290+02:00\" /&gt;\n    &lt;TestSettings name=�ult\" id=䁉15ab-bf7f-4c26-b273-53509f4eedcd\"&gt;\n        &lt;Deployment runDeploymentRoot=\"_SampleTestRun_2025-05-01_19_54_26\" /&gt;\n    &lt;/TestSettings&gt;\n    &lt;Results&gt;\n        &lt;UnitTestResult executionId=a8ca-6b91-4203-b46d-6dbc08b6b255\" testId=퀢9b0a-7d1c-f844-38c6-75a6538b6614\" testName=\"Test_That_Passes\" computerName=\"SampleComputer\" duration=\"00:00:00.0933370\" startTime=‥-05-01T19:54:26.4568530+02:00\" endTime=‥-05-01T19:54:26.5501900+02:00\" testType=Ꮝc9d9-ddb5-4fa4-a97d-d965ccfc6d4b\" outcome=\"Passed\" testListId=貄fa94-04c1-424b-9868-57a2d4851a1d\" relativeResultsDirectory=a8ca-6b91-4203-b46d-6dbc08b6b255\"&gt;\n            &lt;Output&gt;\n                &lt;StdOut&gt;Test passed successfully&lt;/StdOut&gt;\n            &lt;/Output&gt;\n        &lt;/UnitTestResult&gt;\n    &lt;/Results&gt;\n    &lt;TestDefinitions&gt;\n        &lt;UnitTest name=\"Test_That_Passes\" storage=\"/path/to/test/ExampleTests.dll\" id=퀢9b0a-7d1c-f844-38c6-75a6538b6614\"&gt;\n            &lt;Execution id=a8ca-6b91-4203-b46d-6dbc08b6b255\" /&gt;\n            &lt;TestMethod codeBase=\"/path/to/test/ExampleTests.dll૚pterTypeName=\"executor://nunit3testexecutor/\" className=\"SampleNamespace.TestClass\" name=\"Test_That_Passes\" /&gt;\n        &lt;/UnitTest&gt;\n    &lt;/TestDefinitions&gt;\n    &lt;TestEntries&gt;\n        &lt;TestEntry testId=퀢9b0a-7d1c-f844-38c6-75a6538b6614\" executionId=a8ca-6b91-4203-b46d-6dbc08b6b255\" testListId=貄fa94-04c1-424b-9868-57a2d4851a1d\" /&gt;\n    &lt;/TestEntries&gt;\n    &lt;TestLists&gt;\n        &lt;TestList name=\"Results Not in a List\" id=貄fa94-04c1-424b-9868-57a2d4851a1d\" /&gt;\n    &lt;/TestLists&gt;\n    &lt;ResultSummary outcome=\"Passed\"&gt;\n        &lt;Counters total=\"1\" executed=\"1\" passed=\"1\" failed=\"0\" error=\"0\" timeout=\"0\" aborted=\"0\" inconclusive=\"0\" passedButRunAborted=\"0\" notRunnable=\"0\" notExecuted=\"0\" disconnected=\"0\" warning=\"0\" completed=\"0\" inProgress=\"0\" pending=\"0\" /&gt;\n        &lt;Output&gt;\n            &lt;StdOut&gt;NUnit Adapter 5.0.0.0: Test execution started\n                Running all tests in /path/to/test/ExampleTests.dll\n                NUnit3TestExecutor discovered 1 of 1 NUnit test cases using Current Discovery mode, Non-Explicit run\n                Test passed successfully\n\n                NUnit Adapter 5.0.0.0: Test execution complete\n            &lt;/StdOut&gt;\n        &lt;/Output&gt;\n    &lt;/ResultSummary&gt;\n&lt;/TestRun&gt;\n")} -&gt; {"commit": String("abc123"), "format": String("trx"), "rawTestData": String("&lt;?xml version=\"1.0\" encoding=\"utf-8\"?&gt;\n&lt;TestRun id=爩be5f-78f6-4137-80f6-17d6d94fb6e2\" name=\"SampleTestRun 2025-05-01 19:54:26\" xmlns=\"http://microsoft.com/schemas/VisualStudio/TeamTest/2010\"&gt;\n    &lt;Times creation=‥-05-01T19:54:26.7289680+02:00\" queuing=‥-05-01T19:54:26.7289680+02:00\" start=‥-05-01T19:54:24.3363230+02:00\" finish=‥-05-01T19:54:26.7493290+02:00\" /&gt;\n    &lt;TestSettings name=�ult\" id=䁉15ab-bf7f-4c26-b273-53509f4eedcd\"&gt;\n        &lt;Deployment runDeploymentRoot=\"_SampleTestRun_2025-05-01_19_54_26\" /&gt;\n    &lt;/TestSettings&gt;\n    &lt;Results&gt;\n        &lt;UnitTestResult executionId=a8ca-6b91-4203-b46d-6dbc08b6b255\" testId=퀢9b0a-7d1c-f844-38c6-75a6538b6614\" testName=\"Test_That_Passes\" computerName=\"SampleComputer\" duration=\"00:00:00.0933370\" startTime=‥-05-01T19:54:26.4568530+02:00\" endTime=‥-05-01T19:54:26.5501900+02:00\" testType=Ꮝc9d9-ddb5-4fa4-a97d-d965ccfc6d4b\" outcome=\"Passed\" testListId=貄fa94-04c1-424b-9868-57a2d4851a1d\" relativeResultsDirectory=a8ca-6b91-4203-b46d-6dbc08b6b255\"&gt;\n            &lt;Output&gt;\n                &lt;StdOut&gt;Test passed successfully&lt;/StdOut&gt;\n            &lt;/Output&gt;\n        &lt;/UnitTestResult&gt;\n    &lt;/Results&gt;\n    &lt;TestDefinitions&gt;\n        &lt;UnitTest name=\"Test_That_Passes\" storage=\"/path/to/test/ExampleTests.dll\" id=퀢9b0a-7d1c-f844-38c6-75a6538b6614\"&gt;\n            &lt;Execution id=a8ca-6b91-4203-b46d-6dbc08b6b255\" /&gt;\n            &lt;TestMethod codeBase=\"/path/to/test/ExampleTests.dll૚pterTypeName=\"executor://nunit3testexecutor/\" className=\"SampleNamespace.TestClass\" name=\"Test_That_Passes\" /&gt;\n        &lt;/UnitTest&gt;\n    &lt;/TestDefinitions&gt;\n    &lt;TestEntries&gt;\n        &lt;TestEntry testId=퀢9b0a-7d1c-f844-38c6-75a6538b6614\" executionId=a8ca-6b91-4203-b46d-6dbc08b6b255\" testListId=貄fa94-04c1-424b-9868-57a2d4851a1d\" /&gt;\n    &lt;/TestEntries&gt;\n    &lt;TestLists&gt;\n        &lt;TestList name=\"Results Not in a List\" id=貄fa94-04c1-424b-9868-57a2d4851a1d\" /&gt;\n    &lt;/TestLists&gt;\n    &lt;ResultSummary outcome=\"Passed\"&gt;\n        &lt;Counters total=\"1\" executed=\"1\" passed=\"1\" failed=\"0\" error=\"0\" timeout=\"0\" aborted=\"0\" inconclusive=\"0\" passedButRunAborted=\"0\" notRunnable=\"0\" notExecuted=\"0\" disconnected=\"0\" warning=\"0\" completed=\"0\" inProgress=\"0\" pending=\"0\" /&gt;\n        &lt;Output&gt;\n            &lt;StdOut&gt;NUnit Adapter 5.0.0.0: Test execution started\n                Running all tests in /path/to/test/ExampleTests.dll\n                NUnit3TestExecutor discovered 1 of 1 NUnit test cases using Current Discovery mode, Non-Explicit run\n                Test passed successfully\n\n                NUnit Adapter 5.0.0.0: Test execution complete\n            &lt;/StdOut&gt;\n        &lt;/Output&gt;\n    &lt;/ResultSummary&gt;\n&lt;/TestRun&gt;\n")}
2025-07-02T12:59:15.427520Z DEBUG tokio-runtime-worker pact_matching::json: compare: Comparing path $.commit
2025-07-02T12:59:15.427533Z DEBUG tokio-runtime-worker pact_matching::json: JSON -&gt; JSON: Comparing '"abc123"' (String) to '"abc123"' (String) using Equality -&gt; Ok(())
2025-07-02T12:59:15.427549Z DEBUG tokio-runtime-worker pact_matching::json: compare_values: Comparing 'String("abc123")' to 'String("abc123")' at path '$.commit' -&gt; Ok(())
2025-07-02T12:59:15.427565Z DEBUG tokio-runtime-worker pact_matching::json: compare: Comparing path $.format
2025-07-02T12:59:15.427570Z DEBUG tokio-runtime-worker pact_matching::json: JSON -&gt; JSON: Comparing '"trx"' (String) to '"trx"' (String) using Equality -&gt; Ok(())
2025-07-02T12:59:15.427574Z DEBUG tokio-runtime-worker pact_matching::json: compare_values: Comparing 'String("trx")' to 'String("trx")' at path '$.format' -&gt; Ok(())
2025-07-02T12:59:15.427582Z DEBUG tokio-runtime-worker pact_matching::json: compare: Comparing path $.rawTestData
2025-07-02T12:59:15.427586Z DEBUG tokio-runtime-worker pact_matching::json: JSON -&gt; JSON: Comparing '"&lt;?xml version=\"1.0\" encoding=\"utf-8\"?&gt;\n&lt;TestRun id=爩be5f-78f6-4137-80f6-17d6d94fb6e2\" name=\"SampleTestRun 2025-05-01 19:54:26\" xmlns=\"http://microsoft.com/schemas/VisualStudio/TeamTest/2010\"&gt;\n    &lt;Times creation=‥-05-01T19:54:26.7289680+02:00\" queuing=‥-05-01T19:54:26.7289680+02:00\" start=‥-05-01T19:54:24.3363230+02:00\" finish=‥-05-01T19:54:26.7493290+02:00\" /&gt;\n    &lt;TestSettings name=�ult\" id=䁉15ab-bf7f-4c26-b273-53509f4eedcd\"&gt;\n        &lt;Deployment runDeploymentRoot=\"_SampleTestRun_2025-05-01_19_54_26\" /&gt;\n    &lt;/TestSettings&gt;\n    &lt;Results&gt;\n        &lt;UnitTestResult executionId=a8ca-6b91-4203-b46d-6dbc08b6b255\" testId=퀢9b0a-7d1c-f844-38c6-75a6538b6614\" testName=\"Test_That_Passes\" computerName=\"SampleComputer\" duration=\"00:00:00.0933370\" startTime=‥-05-01T19:54:26.4568530+02:00\" endTime=‥-05-01T19:54:26.5501900+02:00\" testType=Ꮝc9d9-ddb5-4fa4-a97d-d965ccfc6d4b\" outcome=\"Passed\" testListId=貄fa94-04c1-424b-9868-57a2d4851a1d\" relativeResultsDirectory=a8ca-6b91-4203-b46d-6dbc08b6b255\"&gt;\n            &lt;Output&gt;\n                &lt;StdOut&gt;Test passed successfully&lt;/StdOut&gt;\n            &lt;/Output&gt;\n        &lt;/UnitTestResult&gt;\n    &lt;/Results&gt;\n    &lt;TestDefinitions&gt;\n        &lt;UnitTest name=\"Test_That_Passes\" storage=\"/path/to/test/ExampleTests.dll\" id=퀢9b0a-7d1c-f844-38c6-75a6538b6614\"&gt;\n            &lt;Execution id=a8ca-6b91-4203-b46d-6dbc08b6b255\" /&gt;\n            &lt;TestMethod codeBase=\"/path/to/test/ExampleTests.dll૚pterTypeName=\"executor://nunit3testexecutor/\" className=\"SampleNamespace.TestClass\" name=\"Test_That_Passes\" /&gt;\n        &lt;/UnitTest&gt;\n    &lt;/TestDefinitions&gt;\n    &lt;TestEntries&gt;\n        &lt;TestEntry testId=퀢9b0a-7d1c-f844-38c6-75a6538b6614\" executionId=a8ca-6b91-4203-b46d-6dbc08b6b255\" testListId=貄fa94-04c1-424b-9868-57a2d4851a1d\" /&gt;\n    &lt;/TestEntries&gt;\n    &lt;TestLists&gt;\n        &lt;TestList name=\"Results Not in a List\" id=貄fa94-04c1-424b-9868-57a2d4851a1d\" /&gt;\n    &lt;/TestLists&gt;\n    &lt;ResultSummary outcome=\"Passed\"&gt;\n        &lt;Counters total=\"1\" executed=\"1\" passed=\"1\" failed=\"0\" error=\"0\" timeout=\"0\" aborted=\"0\" inconclusive=\"0\" passedButRunAborted=\"0\" notRunnable=\"0\" notExecuted=\"0\" disconnected=\"0\" warning=\"0\" completed=\"0\" inProgress=\"0\" pending=\"0\" /&gt;\n        &lt;Output&gt;\n            &lt;StdOut&gt;NUnit Adapter 5.0.0.0: Test execution started\n                Running all tests in /path/to/test/ExampleTests.dll\n                NUnit3TestExecutor discovered 1 of 1 NUnit test cases using Current Discovery mode, Non-Explicit run\n                Test passed successfully\n\n                NUnit Adapter 5.0.0.0: Test execution complete\n            &lt;/StdOut&gt;\n        &lt;/Output&gt;\n    &lt;/ResultSummary&gt;\n&lt;/TestRun&gt;\n"' (String) to '"&lt;?xml version=\"1.0\" encoding=\"utf-8\"?&gt;\n&lt;TestRun id=爩be5f-78f6-4137-80f6-17d6d94fb6e2\" name=\"SampleTestRun 2025-05-01 19:54:26\" xmlns=\"http://microsoft.com/schemas/VisualStudio/TeamTest/2010\"&gt;\n    &lt;Times creation=‥-05-01T19:54:26.7289680+02:00\" queuing=‥-05-01T19:54:26.7289680+02:00\" start=‥-05-01T19:54:24.3363230+02:00\" finish=‥-05-01T19:54:26.7493290+02:00\" /&gt;\n    &lt;TestSettings name=�ult\" id=䁉15ab-bf7f-4c26-b273-53509f4eedcd\"&gt;\n        &lt;Deployment runDeploymentRoot=\"_SampleTestRun_2025-05-01_19_54_26\" /&gt;\n    &lt;/TestSettings&gt;\n    &lt;Results&gt;\n        &lt;UnitTestResult executionId=a8ca-6b91-4203-b46d-6dbc08b6b255\" testId=퀢9b0a-7d1c-f844-38c6-75a6538b6614\" testName=\"Test_That_Passes\" computerName=\"SampleComputer\" duration=\"00:00:00.0933370\" startTime=‥-05-01T19:54:26.4568530+02:00\" endTime=‥-05-01T19:54:26.5501900+02:00\" testType=Ꮝc9d9-ddb5-4fa4-a97d-d965ccfc6d4b\" outcome=\"Passed\" testListId=貄fa94-04c1-424b-9868-57a2d4851a1d\" relativeResultsDirectory=a8ca-6b91-4203-b46d-6dbc08b6b255\"&gt;\n            &lt;Output&gt;\n                &lt;StdOut&gt;Test passed successfully&lt;/StdOut&gt;\n            &lt;/Output&gt;\n        &lt;/UnitTestResult&gt;\n    &lt;/Results&gt;\n    &lt;TestDefinitions&gt;\n        &lt;UnitTest name=\"Test_That_Passes\" storage=\"/path/to/test/ExampleTests.dll\" id=퀢9b0a-7d1c-f844-38c6-75a6538b6614\"&gt;\n            &lt;Execution id=a8ca-6b91-4203-b46d-6dbc08b6b255\" /&gt;\n            &lt;TestMethod codeBase=\"/path/to/test/ExampleTests.dll૚pterTypeName=\"executor://nunit3testexecutor/\" className=\"SampleNamespace.TestClass\" name=\"Test_That_Passes\" /&gt;\n        &lt;/UnitTest&gt;\n    &lt;/TestDefinitions&gt;\n    &lt;TestEntries&gt;\n        &lt;TestEntry testId=퀢9b0a-7d1c-f844-38c6-75a6538b6614\" executionId=a8ca-6b91-4203-b46d-6dbc08b6b255\" testListId=貄fa94-04c1-424b-9868-57a2d4851a1d\" /&gt;\n    &lt;/TestEntries&gt;\n    &lt;TestLists&gt;\n        &lt;TestList name=\"Results Not in a List\" id=貄fa94-04c1-424b-9868-57a2d4851a1d\" /&gt;\n    &lt;/TestLists&gt;\n    &lt;ResultSummary outcome=\"Passed\"&gt;\n        &lt;Counters total=\"1\" executed=\"1\" passed=\"1\" failed=\"0\" error=\"0\" timeout=\"0\" aborted=\"0\" inconclusive=\"0\" passedButRunAborted=\"0\" notRunnable=\"0\" notExecuted=\"0\" disconnected=\"0\" warning=\"0\" completed=\"0\" inProgress=\"0\" pending=\"0\" /&gt;\n        &lt;Output&gt;\n            &lt;StdOut&gt;NUnit Adapter 5.0.0.0: Test execution started\n                Running all tests in /path/to/test/ExampleTests.dll\n                NUnit3TestExecutor discovered 1 of 1 NUnit test cases using Current Discovery mode, Non-Explicit run\n                Test passed successfully\n\n                NUnit Adapter 5.0.0.0: Test execution complete\n            &lt;/StdOut&gt;\n        &lt;/Output&gt;\n    &lt;/ResultSummary&gt;\n&lt;/TestRun&gt;\n"' (String) using Equality -&gt; Ok(())
2025-07-02T12:59:15.427646Z DEBUG tokio-runtime-worker pact_matching::json: compare_values: Comparing 'String("&lt;?xml version=\"1.0\" encoding=\"utf-8\"?&gt;\n&lt;TestRun id=爩be5f-78f6-4137-80f6-17d6d94fb6e2\" name=\"SampleTestRun 2025-05-01 19:54:26\" xmlns=\"http://microsoft.com/schemas/VisualStudio/TeamTest/2010\"&gt;\n    &lt;Times creation=‥-05-01T19:54:26.7289680+02:00\" queuing=‥-05-01T19:54:26.7289680+02:00\" start=‥-05-01T19:54:24.3363230+02:00\" finish=‥-05-01T19:54:26.7493290+02:00\" /&gt;\n    &lt;TestSettings name=�ult\" id=䁉15ab-bf7f-4c26-b273-53509f4eedcd\"&gt;\n        &lt;Deployment runDeploymentRoot=\"_SampleTestRun_2025-05-01_19_54_26\" /&gt;\n    &lt;/TestSettings&gt;\n    &lt;Results&gt;\n        &lt;UnitTestResult executionId=a8ca-6b91-4203-b46d-6dbc08b6b255\" testId=퀢9b0a-7d1c-f844-38c6-75a6538b6614\" testName=\"Test_That_Passes\" computerName=\"SampleComputer\" duration=\"00:00:00.0933370\" startTime=‥-05-01T19:54:26.4568530+02:00\" endTime=‥-05-01T19:54:26.5501900+02:00\" testType=Ꮝc9d9-ddb5-4fa4-a97d-d965ccfc6d4b\" outcome=\"Passed\" testListId=貄fa94-04c1-424b-9868-57a2d4851a1d\" relativeResultsDirectory=a8ca-6b91-4203-b46d-6dbc08b6b255\"&gt;\n            &lt;Output&gt;\n                &lt;StdOut&gt;Test passed successfully&lt;/StdOut&gt;\n            &lt;/Output&gt;\n        &lt;/UnitTestResult&gt;\n    &lt;/Results&gt;\n    &lt;TestDefinitions&gt;\n        &lt;UnitTest name=\"Test_That_Passes\" storage=\"/path/to/test/ExampleTests.dll\" id=퀢9b0a-7d1c-f844-38c6-75a6538b6614\"&gt;\n            &lt;Execution id=a8ca-6b91-4203-b46d-6dbc08b6b255\" /&gt;\n            &lt;TestMethod codeBase=\"/path/to/test/ExampleTests.dll૚pterTypeName=\"executor://nunit3testexecutor/\" className=\"SampleNamespace.TestClass\" name=\"Test_That_Passes\" /&gt;\n        &lt;/UnitTest&gt;\n    &lt;/TestDefinitions&gt;\n    &lt;TestEntries&gt;\n        &lt;TestEntry testId=퀢9b0a-7d1c-f844-38c6-75a6538b6614\" executionId=a8ca-6b91-4203-b46d-6dbc08b6b255\" testListId=貄fa94-04c1-424b-9868-57a2d4851a1d\" /&gt;\n    &lt;/TestEntries&gt;\n    &lt;TestLists&gt;\n        &lt;TestList name=\"Results Not in a List\" id=貄fa94-04c1-424b-9868-57a2d4851a1d\" /&gt;\n    &lt;/TestLists&gt;\n    &lt;ResultSummary outcome=\"Passed\"&gt;\n        &lt;Counters total=\"1\" executed=\"1\" passed=\"1\" failed=\"0\" error=\"0\" timeout=\"0\" aborted=\"0\" inconclusive=\"0\" passedButRunAborted=\"0\" notRunnable=\"0\" notExecuted=\"0\" disconnected=\"0\" warning=\"0\" completed=\"0\" inProgress=\"0\" pending=\"0\" /&gt;\n        &lt;Output&gt;\n            &lt;StdOut&gt;NUnit Adapter 5.0.0.0: Test execution started\n                Running all tests in /path/to/test/ExampleTests.dll\n                NUnit3TestExecutor discovered 1 of 1 NUnit test cases using Current Discovery mode, Non-Explicit run\n                Test passed successfully\n\n                NUnit Adapter 5.0.0.0: Test execution complete\n            &lt;/StdOut&gt;\n        &lt;/Output&gt;\n    &lt;/ResultSummary&gt;\n&lt;/TestRun&gt;\n")' to 'String("&lt;?xml version=\"1.0\" encoding=\"utf-8\"?&gt;\n&lt;TestRun id=爩be5f-78f6-4137-80f6-17d6d94fb6e2\" name=\"SampleTestRun 2025-05-01 19:54:26\" xmlns=\"http://microsoft.com/schemas/VisualStudio/TeamTest/2010\"&gt;\n    &lt;Times creation=‥-05-01T19:54:26.7289680+02:00\" queuing=‥-05-01T19:54:26.7289680+02:00\" start=‥-05-01T19:54:24.3363230+02:00\" finish=‥-05-01T19:54:26.7493290+02:00\" /&gt;\n    &lt;TestSettings name=�ult\" id=䁉15ab-bf7f-4c26-b273-53509f4eedcd\"&gt;\n        &lt;Deployment runDeploymentRoot=\"_SampleTestRun_2025-05-01_19_54_26\" /&gt;\n    &lt;/TestSettings&gt;\n    &lt;Results&gt;\n        &lt;UnitTestResult executionId=a8ca-6b91-4203-b46d-6dbc08b6b255\" testId=퀢9b0a-7d1c-f844-38c6-75a6538b6614\" testName=\"Test_That_Passes\" computerName=\"SampleComputer\" duration=\"00:00:00.0933370\" startTime=‥-05-01T19:54:26.4568530+02:00\" endTime=‥-05-01T19:54:26.5501900+02:00\" testType=Ꮝc9d9-ddb5-4fa4-a97d-d965ccfc6d4b\" outcome=\"Passed\" testListId=貄fa94-04c1-424b-9868-57a2d4851a1d\" relativeResultsDirectory=a8ca-6b91-4203-b46d-6dbc08b6b255\"&gt;\n            &lt;Output&gt;\n                &lt;StdOut&gt;Test passed successfully&lt;/StdOut&gt;\n            &lt;/Output&gt;\n        &lt;/UnitTestResult&gt;\n    &lt;/Results&gt;\n    &lt;TestDefinitions&gt;\n        &lt;UnitTest name=\"Test_That_Passes\" storage=\"/path/to/test/ExampleTests.dll\" id=퀢9b0a-7d1c-f844-38c6-75a6538b6614\"&gt;\n            &lt;Execution id=a8ca-6b91-4203-b46d-6dbc08b6b255\" /&gt;\n            &lt;TestMethod codeBase=\"/path/to/test/ExampleTests.dll૚pterTypeName=\"executor://nunit3testexecutor/\" className=\"SampleNamespace.TestClass\" name=\"Test_That_Passes\" /&gt;\n        &lt;/UnitTest&gt;\n    &lt;/TestDefinitions&gt;\n    &lt;TestEntries&gt;\n        &lt;TestEntry testId=퀢9b0a-7d1c-f844-38c6-75a6538b6614\" executionId=a8ca-6b91-4203-b46d-6dbc08b6b255\" testListId=貄fa94-04c1-424b-9868-57a2d4851a1d\" /&gt;\n    &lt;/TestEntries&gt;\n    &lt;TestLists&gt;\n        &lt;TestList name=\"Results Not in a List\" id=貄fa94-04c1-424b-9868-57a2d4851a1d\" /&gt;\n    &lt;/TestLists&gt;\n    &lt;ResultSummary outcome=\"Passed\"&gt;\n        &lt;Counters total=\"1\" executed=\"1\" passed=\"1\" failed=\"0\" error=\"0\" timeout=\"0\" aborted=\"0\" inconclusive=\"0\" passedButRunAborted=\"0\" notRunnable=\"0\" notExecuted=\"0\" disconnected=\"0\" warning=\"0\" completed=\"0\" inProgress=\"0\" pending=\"0\" /&gt;\n        &lt;Output&gt;\n            &lt;StdOut&gt;NUnit Adapter 5.0.0.0: Test execution started\n                Running all tests in /path/to/test/ExampleTests.dll\n                NUnit3TestExecutor discovered 1 of 1 NUnit test cases using Current Discovery mode, Non-Explicit run\n                Test passed successfully\n\n                NUnit Adapter 5.0.0.0: Test execution complete\n            &lt;/StdOut&gt;\n        &lt;/Output&gt;\n    &lt;/ResultSummary&gt;\n&lt;/TestRun&gt;\n")' at path '$.rawTestData' -&gt; Ok(())
2025-07-02T12:59:15.427739Z DEBUG tokio-runtime-worker pact_matching: --&gt; Mismatches: []
2025-07-02T12:59:15.427802Z DEBUG tokio-runtime-worker pact_mock_server::hyper_server: Test context = {"mockServer": Object {"port": Number(53308), "url": String("http://127.0.0.1:53308")}}
2025-07-02T12:59:15.427817Z  INFO tokio-runtime-worker pact_mock_server::hyper_server: Request matched, sending response
2025-07-02T12:59:15.427821Z DEBUG tokio-runtime-worker pact_mock_server::hyper_server: 
          ----------------------------------------------------------------------------------------
           status: 200
           headers: None
           body: Missing
          ----------------------------------------------------------------------------------------</StdOut>
      </Output>
    </UnitTestResult>
  </Results>
  <TestDefinitions>
    <UnitTest name="SendValidTestResults_Returns200" storage="/users/elena/dev/fluke/fluke.tests.pact/bin/debug/net9.0/fluke.tests.pact.dll" id="3d5292da-bf55-8f43-837b-7be5902dcf85">
      <Execution id="f25a272f-12f0-48b7-8563-70be098c9dee" />
      <TestMethod codeBase="/Users/elena/dev/Fluke/Fluke.Tests.Pact/bin/Debug/net9.0/Fluke.Tests.Pact.dll" adapterTypeName="executor://nunit3testexecutor/" className="FlukeTests.IntegrationTests.CliConsumerPactTests" name="SendValidTestResults_Returns200" />
    </UnitTest>
    <UnitTest name="Controlled_Honours_Pact_WithConsumers" storage="/users/elena/dev/fluke/fluke.tests.pact/bin/debug/net9.0/fluke.tests.pact.dll" id="c003d46e-af67-cc86-228c-184054a558b9">
      <Execution id="00d4ab58-89a8-46cc-a7c6-f082d2151cfc" />
      <TestMethod codeBase="/Users/elena/dev/Fluke/Fluke.Tests.Pact/bin/Debug/net9.0/Fluke.Tests.Pact.dll" adapterTypeName="executor://nunit3testexecutor/" className="FlukeTests.IntegrationTests.TestResultControllerTest" name="Controlled_Honours_Pact_WithConsumers" />
    </UnitTest>
  </TestDefinitions>
  <TestEntries>
    <TestEntry testId="c003d46e-af67-cc86-228c-184054a558b9" executionId="00d4ab58-89a8-46cc-a7c6-f082d2151cfc" testListId="8c84fa94-04c1-424b-9868-57a2d4851a1d" />
    <TestEntry testId="3d5292da-bf55-8f43-837b-7be5902dcf85" executionId="f25a272f-12f0-48b7-8563-70be098c9dee" testListId="8c84fa94-04c1-424b-9868-57a2d4851a1d" />
  </TestEntries>
  <TestLists>
    <TestList name="Results Not in a List" id="8c84fa94-04c1-424b-9868-57a2d4851a1d" />
    <TestList name="All Loaded Results" id="19431567-8539-422a-85d7-44ee4e166bda" />
  </TestLists>
  <ResultSummary outcome="Completed">
    <Counters total="2" executed="2" passed="2" failed="0" error="0" timeout="0" aborted="0" inconclusive="0" passedButRunAborted="0" notRunnable="0" notExecuted="0" disconnected="0" warning="0" completed="0" inProgress="0" pending="0" />
    <Output>
      <StdOut>NUnit Adapter 4.6.0.0: Test execution started
Running selected tests in /Users/elena/dev/Fluke/Fluke.Tests.Pact/bin/Debug/net9.0/Fluke.Tests.Pact.dll
   NUnit3TestExecutor discovered 2 of 2 NUnit test cases using Current Discovery mode, Non-Explicit run
Mock driver logs:

2025-07-02T12:59:15.425494Z DEBUG tokio-runtime-worker pact_mock_server::hyper_server: Creating pact request from hyper request
2025-07-02T12:59:15.425511Z DEBUG tokio-runtime-worker pact_mock_server::hyper_server: Extracting query from uri /api/TestResult/upload
2025-07-02T12:59:15.425583Z  INFO tokio-runtime-worker pact_mock_server::hyper_server: Received request POST /api/TestResult/upload
2025-07-02T12:59:15.425595Z DEBUG tokio-runtime-worker pact_mock_server::hyper_server: 
      ----------------------------------------------------------------------------------------
       method: POST
       path: /api/TestResult/upload
       query: None
       headers: Some({"host": ["127.0.0.1:53308"], "content-type": ["application/json; charset=utf-8"], "content-length": ["3675"]})
       body: Present(3675 bytes, application/json;charset=utf-8) '{"commit":"abc123","format":"trx","rawTestData":"&lt;?xml version="1.0" encoding="utf-8"?&gt;\n&lt;TestRun id="7229be5f-78f6-4137-80f6-17d6d94fb6e2" name="SampleTestRun 2025-05-01 19:54:26" xmlns="http://microsoft.com/schemas/VisualStudio/TeamTest/2010"&gt;\n    &lt;Times creation="2025-05-01T19:54:26.7289680+02:00" queuing="2025-05-01T19:54:26.7289680+02:00" start="2025-05-01T19:54:24.3363230+02:00" finish="2025-05-01T19:54:26.7493290+02:00" /&gt;\n    &lt;TestSettings name="default" id="404915ab-bf7f-4c26-b273-53509f4eedcd"&gt;\n        &lt;Deployment runDeploymentRoot="_SampleTestRun_2025-05-01_19_54_26" /&gt;\n    &lt;/TestSettings&gt;\n    &lt;Results&gt;\n        &lt;UnitTestResult executionId="e29ea8ca-6b91-4203-b46d-6dbc08b6b255" testId="d0229b0a-7d1c-f844-38c6-75a6538b6614" testName="Test_That_Passes" computerName="SampleComputer" duration="00:00:00.0933370" startTime="2025-05-01T19:54:26.4568530+02:00" endTime="2025-05-01T19:54:26.5501900+02:00" testType="13cdc9d9-ddb5-4fa4-a97d-d965ccfc6d4b" outcome="Passed" testListId="8c84fa94-04c1-424b-9868-57a2d4851a1d" relativeResultsDirectory="e29ea8ca-6b91-4203-b46d-6dbc08b6b255"&gt;\n            &lt;Output&gt;\n                &lt;StdOut&gt;Test passed successfully&lt;/StdOut&gt;\n            &lt;/Output&gt;\n        &lt;/UnitTestResult&gt;\n    &lt;/Results&gt;\n    &lt;TestDefinitions&gt;\n        &lt;UnitTest name="Test_That_Passes" storage="/path/to/test/ExampleTests.dll" id="d0229b0a-7d1c-f844-38c6-75a6538b6614"&gt;\n            &lt;Execution id="e29ea8ca-6b91-4203-b46d-6dbc08b6b255" /&gt;\n            &lt;TestMethod codeBase="/path/to/test/ExampleTests.dll" adapterTypeName="executor://nunit3testexecutor/" className="SampleNamespace.TestClass" name="Test_That_Passes" /&gt;\n        &lt;/UnitTest&gt;\n    &lt;/TestDefinitions&gt;\n    &lt;TestEntries&gt;\n        &lt;TestEntry testId="d0229b0a-7d1c-f844-38c6-75a6538b6614" executionId="e29ea8ca-6b91-4203-b46d-6dbc08b6b255" testListId="8c84fa94-04c1-424b-9868-57a2d4851a1d" /&gt;\n    &lt;/TestEntries&gt;\n    &lt;TestLists&gt;\n        &lt;TestList name="Results Not in a List" id="8c84fa94-04c1-424b-9868-57a2d4851a1d" /&gt;\n    &lt;/TestLists&gt;\n    &lt;ResultSummary outcome="Passed"&gt;\n        &lt;Counters total="1" executed="1" passed="1" failed="0" error="0" timeout="0" aborted="0" inconclusive="0" passedButRunAborted="0" notRunnable="0" notExecuted="0" disconnected="0" warning="0" completed="0" inProgress="0" pending="0" /&gt;\n        &lt;Output&gt;\n            &lt;StdOut&gt;NUnit Adapter 5.0.0.0: Test execution started\n                Running all tests in /path/to/test/ExampleTests.dll\n                NUnit3TestExecutor discovered 1 of 1 NUnit test cases using Current Discovery mode, Non-Explicit run\n                Test passed successfully\n\n                NUnit Adapter 5.0.0.0: Test execution complete\n            &lt;/StdOut&gt;\n        &lt;/Output&gt;\n    &lt;/ResultSummary&gt;\n&lt;/TestRun&gt;\n"}'
      ----------------------------------------------------------------------------------------
      
2025-07-02T12:59:15.425700Z DEBUG tokio-runtime-worker pact_matching: comparing to expected HTTP Request ( method: POST, path: /api/TestResult/upload, query: None, headers: Some({"Content-Type": ["application/json"]}), body: Present(2881 bytes, application/json) )
2025-07-02T12:59:15.425721Z DEBUG tokio-runtime-worker pact_matching:      body: '{"commit":"abc123","format":"trx","rawTestData":"&lt;?xml version=\"1.0\" encoding=\"utf-8\"?&gt;\n&lt;TestRun id=爩be5f-78f6-4137-80f6-17d6d94fb6e2\" name=\"SampleTestRun 2025-05-01 19:54:26\" xmlns=\"http://microsoft.com/schemas/VisualStudio/TeamTest/2010\"&gt;\n    &lt;Times creation=‥-05-01T19:54:26.7289680+02:00\" queuing=‥-05-01T19:54:26.7289680+02:00\" start=‥-05-01T19:54:24.3363230+02:00\" finish=‥-05-01T19:54:26.7493290+02:00\" /&gt;\n    &lt;TestSettings name=�ult\" id=䁉15ab-bf7f-4c26-b273-53509f4eedcd\"&gt;\n        &lt;Deployment runDeploymentRoot=\"_SampleTestRun_2025-05-01_19_54_26\" /&gt;\n    &lt;/TestSettings&gt;\n    &lt;Results&gt;\n        &lt;UnitTestResult executionId=a8ca-6b91-4203-b46d-6dbc08b6b255\" testId=퀢9b0a-7d1c-f844-38c6-75a6538b6614\" testName=\"Test_That_Passes\" computerName=\"SampleComputer\" duration=\"00:00:00.0933370\" startTime=‥-05-01T19:54:26.4568530+02:00\" endTime=‥-05-01T19:54:26.5501900+02:00\" testType=Ꮝc9d9-ddb5-4fa4-a97d-d965ccfc6d4b\" outcome=\"Passed\" testListId=貄fa94-04c1-424b-9868-57a2d4851a1d\" relativeResultsDirectory=a8ca-6b91-4203-b46d-6dbc08b6b255\"&gt;\n            &lt;Output&gt;\n                &lt;StdOut&gt;Test passed successfully&lt;/StdOut&gt;\n            &lt;/Output&gt;\n        &lt;/UnitTestResult&gt;\n    &lt;/Results&gt;\n    &lt;TestDefinitions&gt;\n        &lt;UnitTest name=\"Test_That_Passes\" storage=\"/path/to/test/ExampleTests.dll\" id=퀢9b0a-7d1c-f844-38c6-75a6538b6614\"&gt;\n            &lt;Execution id=a8ca-6b91-4203-b46d-6dbc08b6b255\" /&gt;\n            &lt;TestMethod codeBase=\"/path/to/test/ExampleTests.dll૚pterTypeName=\"executor://nunit3testexecutor/\" className=\"SampleNamespace.TestClass\" name=\"Test_That_Passes\" /&gt;\n        &lt;/UnitTest&gt;\n    &lt;/TestDefinitions&gt;\n    &lt;TestEntries&gt;\n        &lt;TestEntry testId=퀢9b0a-7d1c-f844-38c6-75a6538b6614\" executionId=a8ca-6b91-4203-b46d-6dbc08b6b255\" testListId=貄fa94-04c1-424b-9868-57a2d4851a1d\" /&gt;\n    &lt;/TestEntries&gt;\n    &lt;TestLists&gt;\n        &lt;TestList name=\"Results Not in a List\" id=貄fa94-04c1-424b-9868-57a2d4851a1d\" /&gt;\n    &lt;/TestLists&gt;\n    &lt;ResultSummary outcome=\"Passed\"&gt;\n        &lt;Counters total=\"1\" executed=\"1\" passed=\"1\" failed=\"0\" error=\"0\" timeout=\"0\" aborted=\"0\" inconclusive=\"0\" passedButRunAborted=\"0\" notRunnable=\"0\" notExecuted=\"0\" disconnected=\"0\" warning=\"0\" completed=\"0\" inProgress=\"0\" pending=\"0\" /&gt;\n        &lt;Output&gt;\n            &lt;StdOut&gt;NUnit Adapter 5.0.0.0: Test execution started\n                Running all tests in /path/to/test/ExampleTests.dll\n                NUnit3TestExecutor discovered 1 of 1 NUnit test cases using Current Discovery mode, Non-Explicit run\n                Test passed successfully\n\n                NUnit Adapter 5.0.0.0: Test execution complete\n            &lt;/StdOut&gt;\n        &lt;/Output&gt;\n    &lt;/ResultSummary&gt;\n&lt;/TestRun&gt;\n"}'
2025-07-02T12:59:15.425744Z DEBUG tokio-runtime-worker pact_matching:      matching_rules: MatchingRules { rules: {BODY: MatchingRuleCategory { name: BODY, rules: {} }, PATH: MatchingRuleCategory { name: PATH, rules: {} }} }
2025-07-02T12:59:15.425763Z DEBUG tokio-runtime-worker pact_matching:      generators: Generators { categories: {} }
2025-07-02T12:59:15.425844Z DEBUG tokio-runtime-worker pact_matching::matchers: String -&gt; String: comparing '/api/TestResult/upload' to '/api/TestResult/upload' ==&gt; true cascaded=false matcher=Equality
2025-07-02T12:59:15.425854Z DEBUG tokio-runtime-worker pact_matching: expected content type = 'application/json', actual content type = 'application/json;charset=utf-8'
2025-07-02T12:59:15.425979Z DEBUG tokio-runtime-worker pact_matching: content type header matcher = 'RuleList { rules: [], rule_logic: And, cascaded: false }'
2025-07-02T12:59:15.426003Z DEBUG tokio-runtime-worker pact_plugin_driver::catalogue_manager: Looking for a content matcher for application/json
2025-07-02T12:59:15.427275Z DEBUG tokio-runtime-worker pact_matching: No content matcher defined for content type 'application/json', using core matcher implementation
2025-07-02T12:59:15.427298Z DEBUG tokio-runtime-worker pact_matching: Using body matcher for content type 'application/json'
2025-07-02T12:59:15.427368Z DEBUG tokio-runtime-worker pact_matching::json: compare: Comparing path $
2025-07-02T12:59:15.427381Z DEBUG tokio-runtime-worker pact_matching::json: compare_maps: Comparing maps at $: {"commit": String("abc123"), "format": String("trx"), "rawTestData": String("&lt;?xml version=\"1.0\" encoding=\"utf-8\"?&gt;\n&lt;TestRun id=爩be5f-78f6-4137-80f6-17d6d94fb6e2\" name=\"SampleTestRun 2025-05-01 19:54:26\" xmlns=\"http://microsoft.com/schemas/VisualStudio/TeamTest/2010\"&gt;\n    &lt;Times creation=‥-05-01T19:54:26.7289680+02:00\" queuing=‥-05-01T19:54:26.7289680+02:00\" start=‥-05-01T19:54:24.3363230+02:00\" finish=‥-05-01T19:54:26.7493290+02:00\" /&gt;\n    &lt;TestSettings name=�ult\" id=䁉15ab-bf7f-4c26-b273-53509f4eedcd\"&gt;\n        &lt;Deployment runDeploymentRoot=\"_SampleTestRun_2025-05-01_19_54_26\" /&gt;\n    &lt;/TestSettings&gt;\n    &lt;Results&gt;\n        &lt;UnitTestResult executionId=a8ca-6b91-4203-b46d-6dbc08b6b255\" testId=퀢9b0a-7d1c-f844-38c6-75a6538b6614\" testName=\"Test_That_Passes\" computerName=\"SampleComputer\" duration=\"00:00:00.0933370\" startTime=‥-05-01T19:54:26.4568530+02:00\" endTime=‥-05-01T19:54:26.5501900+02:00\" testType=Ꮝc9d9-ddb5-4fa4-a97d-d965ccfc6d4b\" outcome=\"Passed\" testListId=貄fa94-04c1-424b-9868-57a2d4851a1d\" relativeResultsDirectory=a8ca-6b91-4203-b46d-6dbc08b6b255\"&gt;\n            &lt;Output&gt;\n                &lt;StdOut&gt;Test passed successfully&lt;/StdOut&gt;\n            &lt;/Output&gt;\n        &lt;/UnitTestResult&gt;\n    &lt;/Results&gt;\n    &lt;TestDefinitions&gt;\n        &lt;UnitTest name=\"Test_That_Passes\" storage=\"/path/to/test/ExampleTests.dll\" id=퀢9b0a-7d1c-f844-38c6-75a6538b6614\"&gt;\n            &lt;Execution id=a8ca-6b91-4203-b46d-6dbc08b6b255\" /&gt;\n            &lt;TestMethod codeBase=\"/path/to/test/ExampleTests.dll૚pterTypeName=\"executor://nunit3testexecutor/\" className=\"SampleNamespace.TestClass\" name=\"Test_That_Passes\" /&gt;\n        &lt;/UnitTest&gt;\n    &lt;/TestDefinitions&gt;\n    &lt;TestEntries&gt;\n        &lt;TestEntry testId=퀢9b0a-7d1c-f844-38c6-75a6538b6614\" executionId=a8ca-6b91-4203-b46d-6dbc08b6b255\" testListId=貄fa94-04c1-424b-9868-57a2d4851a1d\" /&gt;\n    &lt;/TestEntries&gt;\n    &lt;TestLists&gt;\n        &lt;TestList name=\"Results Not in a List\" id=貄fa94-04c1-424b-9868-57a2d4851a1d\" /&gt;\n    &lt;/TestLists&gt;\n    &lt;ResultSummary outcome=\"Passed\"&gt;\n        &lt;Counters total=\"1\" executed=\"1\" passed=\"1\" failed=\"0\" error=\"0\" timeout=\"0\" aborted=\"0\" inconclusive=\"0\" passedButRunAborted=\"0\" notRunnable=\"0\" notExecuted=\"0\" disconnected=\"0\" warning=\"0\" completed=\"0\" inProgress=\"0\" pending=\"0\" /&gt;\n        &lt;Output&gt;\n            &lt;StdOut&gt;NUnit Adapter 5.0.0.0: Test execution started\n                Running all tests in /path/to/test/ExampleTests.dll\n                NUnit3TestExecutor discovered 1 of 1 NUnit test cases using Current Discovery mode, Non-Explicit run\n                Test passed successfully\n\n                NUnit Adapter 5.0.0.0: Test execution complete\n            &lt;/StdOut&gt;\n        &lt;/Output&gt;\n    &lt;/ResultSummary&gt;\n&lt;/TestRun&gt;\n")} -&gt; {"commit": String("abc123"), "format": String("trx"), "rawTestData": String("&lt;?xml version=\"1.0\" encoding=\"utf-8\"?&gt;\n&lt;TestRun id=爩be5f-78f6-4137-80f6-17d6d94fb6e2\" name=\"SampleTestRun 2025-05-01 19:54:26\" xmlns=\"http://microsoft.com/schemas/VisualStudio/TeamTest/2010\"&gt;\n    &lt;Times creation=‥-05-01T19:54:26.7289680+02:00\" queuing=‥-05-01T19:54:26.7289680+02:00\" start=‥-05-01T19:54:24.3363230+02:00\" finish=‥-05-01T19:54:26.7493290+02:00\" /&gt;\n    &lt;TestSettings name=�ult\" id=䁉15ab-bf7f-4c26-b273-53509f4eedcd\"&gt;\n        &lt;Deployment runDeploymentRoot=\"_SampleTestRun_2025-05-01_19_54_26\" /&gt;\n    &lt;/TestSettings&gt;\n    &lt;Results&gt;\n        &lt;UnitTestResult executionId=a8ca-6b91-4203-b46d-6dbc08b6b255\" testId=퀢9b0a-7d1c-f844-38c6-75a6538b6614\" testName=\"Test_That_Passes\" computerName=\"SampleComputer\" duration=\"00:00:00.0933370\" startTime=‥-05-01T19:54:26.4568530+02:00\" endTime=‥-05-01T19:54:26.5501900+02:00\" testType=Ꮝc9d9-ddb5-4fa4-a97d-d965ccfc6d4b\" outcome=\"Passed\" testListId=貄fa94-04c1-424b-9868-57a2d4851a1d\" relativeResultsDirectory=a8ca-6b91-4203-b46d-6dbc08b6b255\"&gt;\n            &lt;Output&gt;\n                &lt;StdOut&gt;Test passed successfully&lt;/StdOut&gt;\n            &lt;/Output&gt;\n        &lt;/UnitTestResult&gt;\n    &lt;/Results&gt;\n    &lt;TestDefinitions&gt;\n        &lt;UnitTest name=\"Test_That_Passes\" storage=\"/path/to/test/ExampleTests.dll\" id=퀢9b0a-7d1c-f844-38c6-75a6538b6614\"&gt;\n            &lt;Execution id=a8ca-6b91-4203-b46d-6dbc08b6b255\" /&gt;\n            &lt;TestMethod codeBase=\"/path/to/test/ExampleTests.dll૚pterTypeName=\"executor://nunit3testexecutor/\" className=\"SampleNamespace.TestClass\" name=\"Test_That_Passes\" /&gt;\n        &lt;/UnitTest&gt;\n    &lt;/TestDefinitions&gt;\n    &lt;TestEntries&gt;\n        &lt;TestEntry testId=퀢9b0a-7d1c-f844-38c6-75a6538b6614\" executionId=a8ca-6b91-4203-b46d-6dbc08b6b255\" testListId=貄fa94-04c1-424b-9868-57a2d4851a1d\" /&gt;\n    &lt;/TestEntries&gt;\n    &lt;TestLists&gt;\n        &lt;TestList name=\"Results Not in a List\" id=貄fa94-04c1-424b-9868-57a2d4851a1d\" /&gt;\n    &lt;/TestLists&gt;\n    &lt;ResultSummary outcome=\"Passed\"&gt;\n        &lt;Counters total=\"1\" executed=\"1\" passed=\"1\" failed=\"0\" error=\"0\" timeout=\"0\" aborted=\"0\" inconclusive=\"0\" passedButRunAborted=\"0\" notRunnable=\"0\" notExecuted=\"0\" disconnected=\"0\" warning=\"0\" completed=\"0\" inProgress=\"0\" pending=\"0\" /&gt;\n        &lt;Output&gt;\n            &lt;StdOut&gt;NUnit Adapter 5.0.0.0: Test execution started\n                Running all tests in /path/to/test/ExampleTests.dll\n                NUnit3TestExecutor discovered 1 of 1 NUnit test cases using Current Discovery mode, Non-Explicit run\n                Test passed successfully\n\n                NUnit Adapter 5.0.0.0: Test execution complete\n            &lt;/StdOut&gt;\n        &lt;/Output&gt;\n    &lt;/ResultSummary&gt;\n&lt;/TestRun&gt;\n")}
2025-07-02T12:59:15.427520Z DEBUG tokio-runtime-worker pact_matching::json: compare: Comparing path $.commit
2025-07-02T12:59:15.427533Z DEBUG tokio-runtime-worker pact_matching::json: JSON -&gt; JSON: Comparing '"abc123"' (String) to '"abc123"' (String) using Equality -&gt; Ok(())
2025-07-02T12:59:15.427549Z DEBUG tokio-runtime-worker pact_matching::json: compare_values: Comparing 'String("abc123")' to 'String("abc123")' at path '$.commit' -&gt; Ok(())
2025-07-02T12:59:15.427565Z DEBUG tokio-runtime-worker pact_matching::json: compare: Comparing path $.format
2025-07-02T12:59:15.427570Z DEBUG tokio-runtime-worker pact_matching::json: JSON -&gt; JSON: Comparing '"trx"' (String) to '"trx"' (String) using Equality -&gt; Ok(())
2025-07-02T12:59:15.427574Z DEBUG tokio-runtime-worker pact_matching::json: compare_values: Comparing 'String("trx")' to 'String("trx")' at path '$.format' -&gt; Ok(())
2025-07-02T12:59:15.427582Z DEBUG tokio-runtime-worker pact_matching::json: compare: Comparing path $.rawTestData
2025-07-02T12:59:15.427586Z DEBUG tokio-runtime-worker pact_matching::json: JSON -&gt; JSON: Comparing '"&lt;?xml version=\"1.0\" encoding=\"utf-8\"?&gt;\n&lt;TestRun id=爩be5f-78f6-4137-80f6-17d6d94fb6e2\" name=\"SampleTestRun 2025-05-01 19:54:26\" xmlns=\"http://microsoft.com/schemas/VisualStudio/TeamTest/2010\"&gt;\n    &lt;Times creation=‥-05-01T19:54:26.7289680+02:00\" queuing=‥-05-01T19:54:26.7289680+02:00\" start=‥-05-01T19:54:24.3363230+02:00\" finish=‥-05-01T19:54:26.7493290+02:00\" /&gt;\n    &lt;TestSettings name=�ult\" id=䁉15ab-bf7f-4c26-b273-53509f4eedcd\"&gt;\n        &lt;Deployment runDeploymentRoot=\"_SampleTestRun_2025-05-01_19_54_26\" /&gt;\n    &lt;/TestSettings&gt;\n    &lt;Results&gt;\n        &lt;UnitTestResult executionId=a8ca-6b91-4203-b46d-6dbc08b6b255\" testId=퀢9b0a-7d1c-f844-38c6-75a6538b6614\" testName=\"Test_That_Passes\" computerName=\"SampleComputer\" duration=\"00:00:00.0933370\" startTime=‥-05-01T19:54:26.4568530+02:00\" endTime=‥-05-01T19:54:26.5501900+02:00\" testType=Ꮝc9d9-ddb5-4fa4-a97d-d965ccfc6d4b\" outcome=\"Passed\" testListId=貄fa94-04c1-424b-9868-57a2d4851a1d\" relativeResultsDirectory=a8ca-6b91-4203-b46d-6dbc08b6b255\"&gt;\n            &lt;Output&gt;\n                &lt;StdOut&gt;Test passed successfully&lt;/StdOut&gt;\n            &lt;/Output&gt;\n        &lt;/UnitTestResult&gt;\n    &lt;/Results&gt;\n    &lt;TestDefinitions&gt;\n        &lt;UnitTest name=\"Test_That_Passes\" storage=\"/path/to/test/ExampleTests.dll\" id=퀢9b0a-7d1c-f844-38c6-75a6538b6614\"&gt;\n            &lt;Execution id=a8ca-6b91-4203-b46d-6dbc08b6b255\" /&gt;\n            &lt;TestMethod codeBase=\"/path/to/test/ExampleTests.dll૚pterTypeName=\"executor://nunit3testexecutor/\" className=\"SampleNamespace.TestClass\" name=\"Test_That_Passes\" /&gt;\n        &lt;/UnitTest&gt;\n    &lt;/TestDefinitions&gt;\n    &lt;TestEntries&gt;\n        &lt;TestEntry testId=퀢9b0a-7d1c-f844-38c6-75a6538b6614\" executionId=a8ca-6b91-4203-b46d-6dbc08b6b255\" testListId=貄fa94-04c1-424b-9868-57a2d4851a1d\" /&gt;\n    &lt;/TestEntries&gt;\n    &lt;TestLists&gt;\n        &lt;TestList name=\"Results Not in a List\" id=貄fa94-04c1-424b-9868-57a2d4851a1d\" /&gt;\n    &lt;/TestLists&gt;\n    &lt;ResultSummary outcome=\"Passed\"&gt;\n        &lt;Counters total=\"1\" executed=\"1\" passed=\"1\" failed=\"0\" error=\"0\" timeout=\"0\" aborted=\"0\" inconclusive=\"0\" passedButRunAborted=\"0\" notRunnable=\"0\" notExecuted=\"0\" disconnected=\"0\" warning=\"0\" completed=\"0\" inProgress=\"0\" pending=\"0\" /&gt;\n        &lt;Output&gt;\n            &lt;StdOut&gt;NUnit Adapter 5.0.0.0: Test execution started\n                Running all tests in /path/to/test/ExampleTests.dll\n                NUnit3TestExecutor discovered 1 of 1 NUnit test cases using Current Discovery mode, Non-Explicit run\n                Test passed successfully\n\n                NUnit Adapter 5.0.0.0: Test execution complete\n            &lt;/StdOut&gt;\n        &lt;/Output&gt;\n    &lt;/ResultSummary&gt;\n&lt;/TestRun&gt;\n"' (String) to '"&lt;?xml version=\"1.0\" encoding=\"utf-8\"?&gt;\n&lt;TestRun id=爩be5f-78f6-4137-80f6-17d6d94fb6e2\" name=\"SampleTestRun 2025-05-01 19:54:26\" xmlns=\"http://microsoft.com/schemas/VisualStudio/TeamTest/2010\"&gt;\n    &lt;Times creation=‥-05-01T19:54:26.7289680+02:00\" queuing=‥-05-01T19:54:26.7289680+02:00\" start=‥-05-01T19:54:24.3363230+02:00\" finish=‥-05-01T19:54:26.7493290+02:00\" /&gt;\n    &lt;TestSettings name=�ult\" id=䁉15ab-bf7f-4c26-b273-53509f4eedcd\"&gt;\n        &lt;Deployment runDeploymentRoot=\"_SampleTestRun_2025-05-01_19_54_26\" /&gt;\n    &lt;/TestSettings&gt;\n    &lt;Results&gt;\n        &lt;UnitTestResult executionId=a8ca-6b91-4203-b46d-6dbc08b6b255\" testId=퀢9b0a-7d1c-f844-38c6-75a6538b6614\" testName=\"Test_That_Passes\" computerName=\"SampleComputer\" duration=\"00:00:00.0933370\" startTime=‥-05-01T19:54:26.4568530+02:00\" endTime=‥-05-01T19:54:26.5501900+02:00\" testType=Ꮝc9d9-ddb5-4fa4-a97d-d965ccfc6d4b\" outcome=\"Passed\" testListId=貄fa94-04c1-424b-9868-57a2d4851a1d\" relativeResultsDirectory=a8ca-6b91-4203-b46d-6dbc08b6b255\"&gt;\n            &lt;Output&gt;\n                &lt;StdOut&gt;Test passed successfully&lt;/StdOut&gt;\n            &lt;/Output&gt;\n        &lt;/UnitTestResult&gt;\n    &lt;/Results&gt;\n    &lt;TestDefinitions&gt;\n        &lt;UnitTest name=\"Test_That_Passes\" storage=\"/path/to/test/ExampleTests.dll\" id=퀢9b0a-7d1c-f844-38c6-75a6538b6614\"&gt;\n            &lt;Execution id=a8ca-6b91-4203-b46d-6dbc08b6b255\" /&gt;\n            &lt;TestMethod codeBase=\"/path/to/test/ExampleTests.dll૚pterTypeName=\"executor://nunit3testexecutor/\" className=\"SampleNamespace.TestClass\" name=\"Test_That_Passes\" /&gt;\n        &lt;/UnitTest&gt;\n    &lt;/TestDefinitions&gt;\n    &lt;TestEntries&gt;\n        &lt;TestEntry testId=퀢9b0a-7d1c-f844-38c6-75a6538b6614\" executionId=a8ca-6b91-4203-b46d-6dbc08b6b255\" testListId=貄fa94-04c1-424b-9868-57a2d4851a1d\" /&gt;\n    &lt;/TestEntries&gt;\n    &lt;TestLists&gt;\n        &lt;TestList name=\"Results Not in a List\" id=貄fa94-04c1-424b-9868-57a2d4851a1d\" /&gt;\n    &lt;/TestLists&gt;\n    &lt;ResultSummary outcome=\"Passed\"&gt;\n        &lt;Counters total=\"1\" executed=\"1\" passed=\"1\" failed=\"0\" error=\"0\" timeout=\"0\" aborted=\"0\" inconclusive=\"0\" passedButRunAborted=\"0\" notRunnable=\"0\" notExecuted=\"0\" disconnected=\"0\" warning=\"0\" completed=\"0\" inProgress=\"0\" pending=\"0\" /&gt;\n        &lt;Output&gt;\n            &lt;StdOut&gt;NUnit Adapter 5.0.0.0: Test execution started\n                Running all tests in /path/to/test/ExampleTests.dll\n                NUnit3TestExecutor discovered 1 of 1 NUnit test cases using Current Discovery mode, Non-Explicit run\n                Test passed successfully\n\n                NUnit Adapter 5.0.0.0: Test execution complete\n            &lt;/StdOut&gt;\n        &lt;/Output&gt;\n    &lt;/ResultSummary&gt;\n&lt;/TestRun&gt;\n"' (String) using Equality -&gt; Ok(())
2025-07-02T12:59:15.427646Z DEBUG tokio-runtime-worker pact_matching::json: compare_values: Comparing 'String("&lt;?xml version=\"1.0\" encoding=\"utf-8\"?&gt;\n&lt;TestRun id=爩be5f-78f6-4137-80f6-17d6d94fb6e2\" name=\"SampleTestRun 2025-05-01 19:54:26\" xmlns=\"http://microsoft.com/schemas/VisualStudio/TeamTest/2010\"&gt;\n    &lt;Times creation=‥-05-01T19:54:26.7289680+02:00\" queuing=‥-05-01T19:54:26.7289680+02:00\" start=‥-05-01T19:54:24.3363230+02:00\" finish=‥-05-01T19:54:26.7493290+02:00\" /&gt;\n    &lt;TestSettings name=�ult\" id=䁉15ab-bf7f-4c26-b273-53509f4eedcd\"&gt;\n        &lt;Deployment runDeploymentRoot=\"_SampleTestRun_2025-05-01_19_54_26\" /&gt;\n    &lt;/TestSettings&gt;\n    &lt;Results&gt;\n        &lt;UnitTestResult executionId=a8ca-6b91-4203-b46d-6dbc08b6b255\" testId=퀢9b0a-7d1c-f844-38c6-75a6538b6614\" testName=\"Test_That_Passes\" computerName=\"SampleComputer\" duration=\"00:00:00.0933370\" startTime=‥-05-01T19:54:26.4568530+02:00\" endTime=‥-05-01T19:54:26.5501900+02:00\" testType=Ꮝc9d9-ddb5-4fa4-a97d-d965ccfc6d4b\" outcome=\"Passed\" testListId=貄fa94-04c1-424b-9868-57a2d4851a1d\" relativeResultsDirectory=a8ca-6b91-4203-b46d-6dbc08b6b255\"&gt;\n            &lt;Output&gt;\n                &lt;StdOut&gt;Test passed successfully&lt;/StdOut&gt;\n            &lt;/Output&gt;\n        &lt;/UnitTestResult&gt;\n    &lt;/Results&gt;\n    &lt;TestDefinitions&gt;\n        &lt;UnitTest name=\"Test_That_Passes\" storage=\"/path/to/test/ExampleTests.dll\" id=퀢9b0a-7d1c-f844-38c6-75a6538b6614\"&gt;\n            &lt;Execution id=a8ca-6b91-4203-b46d-6dbc08b6b255\" /&gt;\n            &lt;TestMethod codeBase=\"/path/to/test/ExampleTests.dll૚pterTypeName=\"executor://nunit3testexecutor/\" className=\"SampleNamespace.TestClass\" name=\"Test_That_Passes\" /&gt;\n        &lt;/UnitTest&gt;\n    &lt;/TestDefinitions&gt;\n    &lt;TestEntries&gt;\n        &lt;TestEntry testId=퀢9b0a-7d1c-f844-38c6-75a6538b6614\" executionId=a8ca-6b91-4203-b46d-6dbc08b6b255\" testListId=貄fa94-04c1-424b-9868-57a2d4851a1d\" /&gt;\n    &lt;/TestEntries&gt;\n    &lt;TestLists&gt;\n        &lt;TestList name=\"Results Not in a List\" id=貄fa94-04c1-424b-9868-57a2d4851a1d\" /&gt;\n    &lt;/TestLists&gt;\n    &lt;ResultSummary outcome=\"Passed\"&gt;\n        &lt;Counters total=\"1\" executed=\"1\" passed=\"1\" failed=\"0\" error=\"0\" timeout=\"0\" aborted=\"0\" inconclusive=\"0\" passedButRunAborted=\"0\" notRunnable=\"0\" notExecuted=\"0\" disconnected=\"0\" warning=\"0\" completed=\"0\" inProgress=\"0\" pending=\"0\" /&gt;\n        &lt;Output&gt;\n            &lt;StdOut&gt;NUnit Adapter 5.0.0.0: Test execution started\n                Running all tests in /path/to/test/ExampleTests.dll\n                NUnit3TestExecutor discovered 1 of 1 NUnit test cases using Current Discovery mode, Non-Explicit run\n                Test passed successfully\n\n                NUnit Adapter 5.0.0.0: Test execution complete\n            &lt;/StdOut&gt;\n        &lt;/Output&gt;\n    &lt;/ResultSummary&gt;\n&lt;/TestRun&gt;\n")' to 'String("&lt;?xml version=\"1.0\" encoding=\"utf-8\"?&gt;\n&lt;TestRun id=爩be5f-78f6-4137-80f6-17d6d94fb6e2\" name=\"SampleTestRun 2025-05-01 19:54:26\" xmlns=\"http://microsoft.com/schemas/VisualStudio/TeamTest/2010\"&gt;\n    &lt;Times creation=‥-05-01T19:54:26.7289680+02:00\" queuing=‥-05-01T19:54:26.7289680+02:00\" start=‥-05-01T19:54:24.3363230+02:00\" finish=‥-05-01T19:54:26.7493290+02:00\" /&gt;\n    &lt;TestSettings name=�ult\" id=䁉15ab-bf7f-4c26-b273-53509f4eedcd\"&gt;\n        &lt;Deployment runDeploymentRoot=\"_SampleTestRun_2025-05-01_19_54_26\" /&gt;\n    &lt;/TestSettings&gt;\n    &lt;Results&gt;\n        &lt;UnitTestResult executionId=a8ca-6b91-4203-b46d-6dbc08b6b255\" testId=퀢9b0a-7d1c-f844-38c6-75a6538b6614\" testName=\"Test_That_Passes\" computerName=\"SampleComputer\" duration=\"00:00:00.0933370\" startTime=‥-05-01T19:54:26.4568530+02:00\" endTime=‥-05-01T19:54:26.5501900+02:00\" testType=Ꮝc9d9-ddb5-4fa4-a97d-d965ccfc6d4b\" outcome=\"Passed\" testListId=貄fa94-04c1-424b-9868-57a2d4851a1d\" relativeResultsDirectory=a8ca-6b91-4203-b46d-6dbc08b6b255\"&gt;\n            &lt;Output&gt;\n                &lt;StdOut&gt;Test passed successfully&lt;/StdOut&gt;\n            &lt;/Output&gt;\n        &lt;/UnitTestResult&gt;\n    &lt;/Results&gt;\n    &lt;TestDefinitions&gt;\n        &lt;UnitTest name=\"Test_That_Passes\" storage=\"/path/to/test/ExampleTests.dll\" id=퀢9b0a-7d1c-f844-38c6-75a6538b6614\"&gt;\n            &lt;Execution id=a8ca-6b91-4203-b46d-6dbc08b6b255\" /&gt;\n            &lt;TestMethod codeBase=\"/path/to/test/ExampleTests.dll૚pterTypeName=\"executor://nunit3testexecutor/\" className=\"SampleNamespace.TestClass\" name=\"Test_That_Passes\" /&gt;\n        &lt;/UnitTest&gt;\n    &lt;/TestDefinitions&gt;\n    &lt;TestEntries&gt;\n        &lt;TestEntry testId=퀢9b0a-7d1c-f844-38c6-75a6538b6614\" executionId=a8ca-6b91-4203-b46d-6dbc08b6b255\" testListId=貄fa94-04c1-424b-9868-57a2d4851a1d\" /&gt;\n    &lt;/TestEntries&gt;\n    &lt;TestLists&gt;\n        &lt;TestList name=\"Results Not in a List\" id=貄fa94-04c1-424b-9868-57a2d4851a1d\" /&gt;\n    &lt;/TestLists&gt;\n    &lt;ResultSummary outcome=\"Passed\"&gt;\n        &lt;Counters total=\"1\" executed=\"1\" passed=\"1\" failed=\"0\" error=\"0\" timeout=\"0\" aborted=\"0\" inconclusive=\"0\" passedButRunAborted=\"0\" notRunnable=\"0\" notExecuted=\"0\" disconnected=\"0\" warning=\"0\" completed=\"0\" inProgress=\"0\" pending=\"0\" /&gt;\n        &lt;Output&gt;\n            &lt;StdOut&gt;NUnit Adapter 5.0.0.0: Test execution started\n                Running all tests in /path/to/test/ExampleTests.dll\n                NUnit3TestExecutor discovered 1 of 1 NUnit test cases using Current Discovery mode, Non-Explicit run\n                Test passed successfully\n\n                NUnit Adapter 5.0.0.0: Test execution complete\n            &lt;/StdOut&gt;\n        &lt;/Output&gt;\n    &lt;/ResultSummary&gt;\n&lt;/TestRun&gt;\n")' at path '$.rawTestData' -&gt; Ok(())
2025-07-02T12:59:15.427739Z DEBUG tokio-runtime-worker pact_matching: --&gt; Mismatches: []
2025-07-02T12:59:15.427802Z DEBUG tokio-runtime-worker pact_mock_server::hyper_server: Test context = {"mockServer": Object {"port": Number(53308), "url": String("http://127.0.0.1:53308")}}
2025-07-02T12:59:15.427817Z  INFO tokio-runtime-worker pact_mock_server::hyper_server: Request matched, sending response
2025-07-02T12:59:15.427821Z DEBUG tokio-runtime-worker pact_mock_server::hyper_server: 
          ----------------------------------------------------------------------------------------
           status: 200
           headers: None
           body: Missing
          ----------------------------------------------------------------------------------------
          


Verifying a pact between \u001b[1mCliUploader\u001b[0m and \u001b[1mTestResultController\u001b[0m
  a valid test result upload (0s loading, 2s 10ms verification)
    returns a response which
      has status code \u001b[1m200\u001b[0m (\u001b[32mOK\u001b[0m)
      has a matching body (\u001b[32mOK\u001b[0m)
./pacts/CliUploader-TestResultController.json
Starting verification...
Pact verification successful

Verifier Output
---------------

Verifying a pact between CliUploader and TestResultController

  a valid test result upload (0s loading, 2s 10ms verification)
    returns a response which
      has status code 200 (OK)
      has a matching body (OK)


Verifier Logs
-------------
2025-07-02T12:59:16.779066Z DEBUG ThreadId(03) verify_interaction{interaction="a valid test result upload"}: pact_verifier: Verifying interaction V4 Synchronous/HTTP a valid test result upload (None)
2025-07-02T12:59:17.144636Z DEBUG ThreadId(03) verify_interaction{interaction="a valid test result upload"}: pact_verifier: Executing provider states
2025-07-02T12:59:17.144667Z  INFO ThreadId(03) verify_interaction{interaction="a valid test result upload"}: pact_verifier: Running setup provider state change handler with empty state for 'a valid test result upload'
2025-07-02T12:59:17.818569Z DEBUG ThreadId(03) verify_interaction{interaction="a valid test result upload"}: pact_verifier::provider_client: Sending HTTP Request ( method: POST, path: /, query: None, headers: Some({"Content-Type": ["application/json"]}), body: Present(41 bytes, application/json) ) to state change handler
2025-07-02T12:59:17.818760Z DEBUG ThreadId(03) verify_interaction{interaction="a valid test result upload"}: reqwest::connect: starting new connection: https://localhost:7173/    
2025-07-02T12:59:17.819967Z DEBUG ThreadId(03) verify_interaction{interaction="a valid test result upload"}: hyper_util::client::legacy::connect::http: connecting to [::1]:7173
2025-07-02T12:59:17.820213Z DEBUG ThreadId(03) verify_interaction{interaction="a valid test result upload"}: hyper_util::client::legacy::connect::http: connected to [::1]:7173
2025-07-02T12:59:17.934372Z DEBUG ThreadId(03) verify_interaction{interaction="a valid test result upload"}: pact_verifier::provider_client: State change request: Response { url: "https://localhost:7173/provider-states", status: 200, headers: {"date": "Wed, 02 Jul 2025 12:59:17 GMT", "server": "Kestrel", "transfer-encoding": "chunked"} }
2025-07-02T12:59:17.934463Z DEBUG ThreadId(03) verify_interaction{interaction="a valid test result upload"}: pact_verifier: State Change: "ProviderState { name: "", params: {} }" -&gt; Ok({})
2025-07-02T12:59:17.934489Z  INFO ThreadId(03) verify_interaction{interaction="a valid test result upload"}: pact_verifier: Running provider verification for 'a valid test result upload'
2025-07-02T12:59:17.934506Z DEBUG ThreadId(03) verify_interaction{interaction="a valid test result upload"}: pact_verifier: Verifying a HTTP interaction
2025-07-02T12:59:17.934545Z  INFO ThreadId(03) verify_interaction{interaction="a valid test result upload"}: pact_verifier::provider_client: Sending request to provider at https://localhost:7173/
2025-07-02T12:59:17.934550Z DEBUG ThreadId(03) verify_interaction{interaction="a valid test result upload"}: pact_verifier::provider_client: Provider details = ProviderInfo { name: "TestResultControllerAPI", protocol: "https", host: "localhost", port: Some(7173), path: "/", transports: [ProviderTransport { transport: "https", port: Some(7173), path: Some("/"), scheme: Some("https") }] }
2025-07-02T12:59:17.934561Z  INFO ThreadId(03) verify_interaction{interaction="a valid test result upload"}: pact_verifier::provider_client: Sending request HTTP Request ( method: POST, path: /api/TestResult/upload, query: None, headers: Some({"Content-Type": ["application/json"]}), body: Present(2881 bytes, application/json) )
2025-07-02T12:59:17.934574Z DEBUG ThreadId(03) verify_interaction{interaction="a valid test result upload"}: pact_verifier::provider_client: body:
{"commit":"abc123","format":"trx","rawTestData":"&lt;?xml version=\"1.0\" encoding=\"utf-8\"?&gt;\n&lt;TestRun id=\"7229be5f-78f6-4137-80f6-17d6d94fb6e2\" name=\"SampleTestRun 2025-05-01 19:54:26\" xmlns=\"http://microsoft.com/schemas/VisualStudio/TeamTest/2010\"&gt;\n    &lt;Times creation=\"2025-05-01T19:54:26.7289680+02:00\" queuing=\"2025-05-01T19:54:26.7289680+02:00\" start=\"2025-05-01T19:54:24.3363230+02:00\" finish=\"2025-05-01T19:54:26.7493290+02:00\" /&gt;\n    &lt;TestSettings name=\"default\" id=\"404915ab-bf7f-4c26-b273-53509f4eedcd\"&gt;\n        &lt;Deployment runDeploymentRoot=\"_SampleTestRun_2025-05-01_19_54_26\" /&gt;\n    &lt;/TestSettings&gt;\n    &lt;Results&gt;\n        &lt;UnitTestResult executionId=\"e29ea8ca-6b91-4203-b46d-6dbc08b6b255\" testId=\"d0229b0a-7d1c-f844-38c6-75a6538b6614\" testName=\"Test_That_Passes\" computerName=\"SampleComputer\" duration=\"00:00:00.0933370\" startTime=\"2025-05-01T19:54:26.4568530+02:00\" endTime=\"2025-05-01T19:54:26.5501900+02:00\" testType=\"13cdc9d9-ddb5-4fa4-a97d-d965ccfc6d4b\" outcome=\"Passed\" testListId=\"8c84fa94-04c1-424b-9868-57a2d4851a1d\" relativeResultsDirectory=\"e29ea8ca-6b91-4203-b46d-6dbc08b6b255\"&gt;\n            &lt;Output&gt;\n                &lt;StdOut&gt;Test passed successfully&lt;/StdOut&gt;\n            &lt;/Output&gt;\n        &lt;/UnitTestResult&gt;\n    &lt;/Results&gt;\n    &lt;TestDefinitions&gt;\n        &lt;UnitTest name=\"Test_That_Passes\" storage=\"/path/to/test/ExampleTests.dll\" id=\"d0229b0a-7d1c-f844-38c6-75a6538b6614\"&gt;\n            &lt;Execution id=\"e29ea8ca-6b91-4203-b46d-6dbc08b6b255\" /&gt;\n            &lt;TestMethod codeBase=\"/path/to/test/ExampleTests.dll\" adapterTypeName=\"executor://nunit3testexecutor/\" className=\"SampleNamespace.TestClass\" name=\"Test_That_Passes\" /&gt;\n        &lt;/UnitTest&gt;\n    &lt;/TestDefinitions&gt;\n    &lt;TestEntries&gt;\n        &lt;TestEntry testId=\"d0229b0a-7d1c-f844-38c6-75a6538b6614\" executionId=\"e29ea8ca-6b91-4203-b46d-6dbc08b6b255\" testListId=\"8c84fa94-04c1-424b-9868-57a2d4851a1d\" /&gt;\n    &lt;/TestEntries&gt;\n    &lt;TestLists&gt;\n        &lt;TestList name=\"Results Not in a List\" id=\"8c84fa94-04c1-424b-9868-57a2d4851a1d\" /&gt;\n    &lt;/TestLists&gt;\n    &lt;ResultSummary outcome=\"Passed\"&gt;\n        &lt;Counters total=\"1\" executed=\"1\" passed=\"1\" failed=\"0\" error=\"0\" timeout=\"0\" aborted=\"0\" inconclusive=\"0\" passedButRunAborted=\"0\" notRunnable=\"0\" notExecuted=\"0\" disconnected=\"0\" warning=\"0\" completed=\"0\" inProgress=\"0\" pending=\"0\" /&gt;\n        &lt;Output&gt;\n            &lt;StdOut&gt;NUnit Adapter 5.0.0.0: Test execution started\n                Running all tests in /path/to/test/ExampleTests.dll\n                NUnit3TestExecutor discovered 1 of 1 NUnit test cases using Current Discovery mode, Non-Explicit run\n                Test passed successfully\n\n                NUnit Adapter 5.0.0.0: Test execution complete\n            &lt;/StdOut&gt;\n        &lt;/Output&gt;\n    &lt;/ResultSummary&gt;\n&lt;/TestRun&gt;\n"}
2025-07-02T12:59:17.934662Z DEBUG ThreadId(03) verify_interaction{interaction="a valid test result upload"}: reqwest::connect: starting new connection: https://localhost:7173/    
2025-07-02T12:59:17.935187Z DEBUG ThreadId(03) verify_interaction{interaction="a valid test result upload"}: hyper_util::client::legacy::connect::http: connecting to [::1]:7173
2025-07-02T12:59:17.935576Z DEBUG ThreadId(03) verify_interaction{interaction="a valid test result upload"}: hyper_util::client::legacy::connect::http: connected to [::1]:7173
2025-07-02T12:59:18.789411Z DEBUG ThreadId(03) verify_interaction{interaction="a valid test result upload"}: pact_verifier::provider_client: Received native response: Response { url: "https://localhost:7173/api/TestResult/upload", status: 200, headers: {"content-type": "application/json; charset=utf-8", "date": "Wed, 02 Jul 2025 12:59:17 GMT", "server": "Kestrel", "transfer-encoding": "chunked"} }
2025-07-02T12:59:18.789675Z  INFO ThreadId(03) verify_interaction{interaction="a valid test result upload"}: pact_verifier::provider_client: Received response: HTTP Response ( status: 200, headers: Some({"content-type": ["application/json; charset=utf-8"], "date": ["Wed, 02 Jul 2025 12:59:17 GMT"], "server": ["Kestrel"], "transfer-encoding": ["chunked"]}), body: Present(20 bytes, application/json;charset=utf-8) )
2025-07-02T12:59:18.789694Z DEBUG ThreadId(03) verify_interaction{interaction="a valid test result upload"}: pact_verifier::provider_client: body:
{"status":"success"}
2025-07-02T12:59:18.789711Z DEBUG ThreadId(03) verify_interaction{interaction="a valid test result upload"}: pact_matching: comparing to expected response: HTTP Response ( status: 200, headers: None, body: Missing )
2025-07-02T12:59:18.789726Z DEBUG ThreadId(03) verify_interaction{interaction="a valid test result upload"}: pact_matching: expected content type = '*/*', actual content type = 'application/json;charset=utf-8'
2025-07-02T12:59:18.789797Z DEBUG ThreadId(03) verify_interaction{interaction="a valid test result upload"}: pact_matching: content type header matcher = 'RuleList { rules: [], rule_logic: And, cascaded: false }'
2025-07-02T12:59:18.790064Z  WARN ThreadId(03) pact_matching::metrics: 

Please note:
We are tracking events anonymously to gather important usage statistics like Pact version and operating system. To disable tracking, set the 'PACT_DO_NOT_TRACK' environment variable to 'true'.


2025-07-02T12:59:18.796557Z DEBUG ThreadId(03) pact_matching::metrics: Sending event to GA - {"aip": "true", "t": "event", "cd2": "unknown", "cd6": "pact_ffi", "tid": "UA-117778936-1", "ec": "ProviderTest", "el": "Pacts verified", "ea": "Completed", "cd3": "macos-x86_64", "cd7": "1.2.10", "aid": "pact-net", "ds": "client", "av": "5.0.1.0", "ev": "1", "v": "1", "an": "pact-net", "cid": "b61680d3c6b4e910f15bc0569e40fbd9"}
2025-07-02T12:59:19.086353Z DEBUG ThreadId(03) reqwest::connect: starting new connection: https://www.google-analytics.com/    
2025-07-02T12:59:19.097778Z DEBUG ThreadId(03) hyper_util::client::legacy::connect::http: connecting to [2a00:1450:4008:805::200e]:443
2025-07-02T12:59:19.123122Z DEBUG ThreadId(03) hyper_util::client::legacy::connect::http: connected to [2a00:1450:4008:805::200e]:443
2025-07-02T12:59:19.193895Z DEBUG ThreadId(03) hyper_util::client::legacy::pool: pooling idle connection for ("https", www.google-analytics.com)
2025-07-02T12:59:19.193970Z DEBUG ThreadId(03) pact_plugin_driver::plugin_manager: Shutting down all plugins


NUnit Adapter 4.6.0.0: Test execution complete
</StdOut>
    </Output>
  </ResultSummary>
</TestRun>